{"/Users/anhduc/Developer/point_of_interest_api/app.ts": {"path":"/Users/anhduc/Developer/point_of_interest_api/app.ts","statementMap":{"0":{"start":{"line":7,"column":6},"end":{"line":7,"column":null}},"1":{"start":{"line":9,"column":0},"end":{"line":9,"column":null}},"2":{"start":{"line":10,"column":0},"end":{"line":10,"column":null}},"3":{"start":{"line":11,"column":0},"end":{"line":11,"column":null}},"4":{"start":{"line":12,"column":0},"end":{"line":12,"column":null}},"5":{"start":{"line":14,"column":0},"end":{"line":14,"column":null}},"6":{"start":{"line":17,"column":0},"end":{"line":25,"column":null}},"7":{"start":{"line":18,"column":4},"end":{"line":18,"column":null}},"8":{"start":{"line":19,"column":4},"end":{"line":24,"column":null}}},"fnMap":{"0":{"name":"(anonymous_0)","decl":{"start":{"line":17,"column":8},"end":{"line":17,"column":9}},"loc":{"start":{"line":17,"column":95},"end":{"line":25,"column":1}},"line":17}},"branchMap":{"0":{"loc":{"start":{"line":23,"column":17},"end":{"line":23,"column":54}},"type":"binary-expr","locations":[{"start":{"line":23,"column":17},"end":{"line":23,"column":32}},{"start":{"line":23,"column":32},"end":{"line":23,"column":54}}],"line":23}},"s":{"0":5,"1":5,"2":5,"3":5,"4":5,"5":5,"6":5,"7":0,"8":0},"f":{"0":0},"b":{"0":[0,0]},"meta":{"lastBranch":1,"lastFunction":1,"lastStatement":9,"seen":{"s:7:6:7:Infinity":0,"s:9:0:9:Infinity":1,"s:10:0:10:Infinity":2,"s:11:0:11:Infinity":3,"s:12:0:12:Infinity":4,"s:14:0:14:Infinity":5,"s:17:0:25:Infinity":6,"f:17:8:17:9":0,"s:18:4:18:Infinity":7,"s:19:4:24:Infinity":8,"b:23:17:23:32:23:32:23:54":0}}}
,"/Users/anhduc/Developer/point_of_interest_api/src/routes.ts": {"path":"/Users/anhduc/Developer/point_of_interest_api/src/routes.ts","statementMap":{"0":{"start":{"line":19,"column":6},"end":{"line":19,"column":null}},"1":{"start":{"line":21,"column":6},"end":{"line":21,"column":null}},"2":{"start":{"line":23,"column":0},"end":{"line":23,"column":null}},"3":{"start":{"line":24,"column":0},"end":{"line":24,"column":null}},"4":{"start":{"line":25,"column":0},"end":{"line":25,"column":null}},"5":{"start":{"line":28,"column":0},"end":{"line":28,"column":null}},"6":{"start":{"line":29,"column":0},"end":{"line":29,"column":null}},"7":{"start":{"line":30,"column":0},"end":{"line":30,"column":null}},"8":{"start":{"line":31,"column":0},"end":{"line":31,"column":null}},"9":{"start":{"line":32,"column":0},"end":{"line":32,"column":null}},"10":{"start":{"line":33,"column":0},"end":{"line":33,"column":null}},"11":{"start":{"line":34,"column":0},"end":{"line":34,"column":null}},"12":{"start":{"line":35,"column":0},"end":{"line":35,"column":null}},"13":{"start":{"line":36,"column":0},"end":{"line":36,"column":null}},"14":{"start":{"line":39,"column":0},"end":{"line":39,"column":null}},"15":{"start":{"line":40,"column":0},"end":{"line":40,"column":null}},"16":{"start":{"line":41,"column":0},"end":{"line":41,"column":null}},"17":{"start":{"line":44,"column":0},"end":{"line":44,"column":null}},"18":{"start":{"line":45,"column":0},"end":{"line":45,"column":null}},"19":{"start":{"line":46,"column":0},"end":{"line":46,"column":null}},"20":{"start":{"line":49,"column":0},"end":{"line":49,"column":null}},"21":{"start":{"line":50,"column":0},"end":{"line":50,"column":null}},"22":{"start":{"line":51,"column":0},"end":{"line":51,"column":null}},"23":{"start":{"line":53,"column":0},"end":{"line":53,"column":null}},"24":{"start":{"line":54,"column":0},"end":{"line":54,"column":null}},"25":{"start":{"line":57,"column":0},"end":{"line":57,"column":null}},"26":{"start":{"line":58,"column":0},"end":{"line":58,"column":null}},"27":{"start":{"line":59,"column":0},"end":{"line":59,"column":null}}},"fnMap":{},"branchMap":{},"s":{"0":5,"1":5,"2":5,"3":5,"4":5,"5":5,"6":5,"7":5,"8":5,"9":5,"10":5,"11":5,"12":5,"13":5,"14":5,"15":5,"16":5,"17":5,"18":5,"19":5,"20":5,"21":5,"22":5,"23":5,"24":5,"25":5,"26":5,"27":5},"f":{},"b":{},"meta":{"lastBranch":0,"lastFunction":0,"lastStatement":28,"seen":{"s:19:6:19:Infinity":0,"s:21:6:21:Infinity":1,"s:23:0:23:Infinity":2,"s:24:0:24:Infinity":3,"s:25:0:25:Infinity":4,"s:28:0:28:Infinity":5,"s:29:0:29:Infinity":6,"s:30:0:30:Infinity":7,"s:31:0:31:Infinity":8,"s:32:0:32:Infinity":9,"s:33:0:33:Infinity":10,"s:34:0:34:Infinity":11,"s:35:0:35:Infinity":12,"s:36:0:36:Infinity":13,"s:39:0:39:Infinity":14,"s:40:0:40:Infinity":15,"s:41:0:41:Infinity":16,"s:44:0:44:Infinity":17,"s:45:0:45:Infinity":18,"s:46:0:46:Infinity":19,"s:49:0:49:Infinity":20,"s:50:0:50:Infinity":21,"s:51:0:51:Infinity":22,"s:53:0:53:Infinity":23,"s:54:0:54:Infinity":24,"s:57:0:57:Infinity":25,"s:58:0:58:Infinity":26,"s:59:0:59:Infinity":27}}}
,"/Users/anhduc/Developer/point_of_interest_api/src/controllers/AdminController.ts": {"path":"/Users/anhduc/Developer/point_of_interest_api/src/controllers/AdminController.ts","statementMap":{"0":{"start":{"line":4,"column":31},"end":{"line":128,"column":null}},"1":{"start":{"line":6,"column":22},"end":{"line":6,"column":null}},"2":{"start":{"line":7,"column":8},"end":{"line":14,"column":null}},"3":{"start":{"line":8,"column":12},"end":{"line":13,"column":null}},"4":{"start":{"line":16,"column":8},"end":{"line":32,"column":null}},"5":{"start":{"line":17,"column":26},"end":{"line":17,"column":null}},"6":{"start":{"line":18,"column":12},"end":{"line":23,"column":null}},"7":{"start":{"line":25,"column":12},"end":{"line":25,"column":null}},"8":{"start":{"line":26,"column":12},"end":{"line":31,"column":null}},"9":{"start":{"line":36,"column":22},"end":{"line":36,"column":null}},"10":{"start":{"line":37,"column":8},"end":{"line":44,"column":null}},"11":{"start":{"line":38,"column":12},"end":{"line":43,"column":null}},"12":{"start":{"line":46,"column":8},"end":{"line":74,"column":null}},"13":{"start":{"line":47,"column":33},"end":{"line":47,"column":null}},"14":{"start":{"line":50,"column":12},"end":{"line":57,"column":null}},"15":{"start":{"line":51,"column":16},"end":{"line":56,"column":null}},"16":{"start":{"line":59,"column":12},"end":{"line":59,"column":null}},"17":{"start":{"line":60,"column":12},"end":{"line":65,"column":null}},"18":{"start":{"line":67,"column":12},"end":{"line":67,"column":null}},"19":{"start":{"line":68,"column":12},"end":{"line":73,"column":null}},"20":{"start":{"line":78,"column":22},"end":{"line":78,"column":null}},"21":{"start":{"line":79,"column":8},"end":{"line":86,"column":null}},"22":{"start":{"line":80,"column":12},"end":{"line":85,"column":null}},"23":{"start":{"line":88,"column":8},"end":{"line":126,"column":null}},"24":{"start":{"line":89,"column":33},"end":{"line":89,"column":null}},"25":{"start":{"line":90,"column":29},"end":{"line":90,"column":null}},"26":{"start":{"line":92,"column":12},"end":{"line":99,"column":null}},"27":{"start":{"line":93,"column":16},"end":{"line":98,"column":null}},"28":{"start":{"line":102,"column":12},"end":{"line":109,"column":null}},"29":{"start":{"line":103,"column":16},"end":{"line":108,"column":null}},"30":{"start":{"line":111,"column":32},"end":{"line":111,"column":null}},"31":{"start":{"line":112,"column":12},"end":{"line":117,"column":null}},"32":{"start":{"line":119,"column":12},"end":{"line":119,"column":null}},"33":{"start":{"line":120,"column":12},"end":{"line":125,"column":null}}},"fnMap":{"0":{"name":"(anonymous_0)","decl":{"start":{"line":5,"column":17},"end":{"line":5,"column":24}},"loc":{"start":{"line":5,"column":56},"end":{"line":33,"column":null}},"line":5},"1":{"name":"(anonymous_1)","decl":{"start":{"line":35,"column":16},"end":{"line":35,"column":23}},"loc":{"start":{"line":35,"column":55},"end":{"line":75,"column":null}},"line":35},"2":{"name":"(anonymous_2)","decl":{"start":{"line":77,"column":20},"end":{"line":77,"column":27}},"loc":{"start":{"line":77,"column":59},"end":{"line":127,"column":null}},"line":77}},"branchMap":{"0":{"loc":{"start":{"line":7,"column":8},"end":{"line":14,"column":null}},"type":"if","locations":[{"start":{"line":7,"column":8},"end":{"line":14,"column":null}},{"start":{},"end":{}}],"line":7},"1":{"loc":{"start":{"line":37,"column":8},"end":{"line":44,"column":null}},"type":"if","locations":[{"start":{"line":37,"column":8},"end":{"line":44,"column":null}},{"start":{},"end":{}}],"line":37},"2":{"loc":{"start":{"line":50,"column":12},"end":{"line":57,"column":null}},"type":"if","locations":[{"start":{"line":50,"column":12},"end":{"line":57,"column":null}},{"start":{},"end":{}}],"line":50},"3":{"loc":{"start":{"line":79,"column":8},"end":{"line":86,"column":null}},"type":"if","locations":[{"start":{"line":79,"column":8},"end":{"line":86,"column":null}},{"start":{},"end":{}}],"line":79},"4":{"loc":{"start":{"line":92,"column":12},"end":{"line":99,"column":null}},"type":"if","locations":[{"start":{"line":92,"column":12},"end":{"line":99,"column":null}},{"start":{},"end":{}}],"line":92},"5":{"loc":{"start":{"line":102,"column":12},"end":{"line":109,"column":null}},"type":"if","locations":[{"start":{"line":102,"column":12},"end":{"line":109,"column":null}},{"start":{},"end":{}}],"line":102},"6":{"loc":{"start":{"line":102,"column":16},"end":{"line":102,"column":62}},"type":"binary-expr","locations":[{"start":{"line":102,"column":16},"end":{"line":102,"column":44}},{"start":{"line":102,"column":44},"end":{"line":102,"column":62}}],"line":102}},"s":{"0":5,"1":1,"2":1,"3":0,"4":1,"5":1,"6":1,"7":0,"8":0,"9":1,"10":1,"11":0,"12":1,"13":1,"14":1,"15":0,"16":1,"17":1,"18":0,"19":0,"20":1,"21":1,"22":0,"23":1,"24":1,"25":1,"26":1,"27":0,"28":1,"29":0,"30":1,"31":1,"32":0,"33":0},"f":{"0":1,"1":1,"2":1},"b":{"0":[0,1],"1":[0,1],"2":[0,1],"3":[0,1],"4":[0,1],"5":[0,1],"6":[1,0]},"meta":{"lastBranch":7,"lastFunction":3,"lastStatement":34,"seen":{"s:4:31:128:Infinity":0,"f:5:17:5:24":0,"s:6:22:6:Infinity":1,"b:7:8:14:Infinity:undefined:undefined:undefined:undefined":0,"s:7:8:14:Infinity":2,"s:8:12:13:Infinity":3,"s:16:8:32:Infinity":4,"s:17:26:17:Infinity":5,"s:18:12:23:Infinity":6,"s:25:12:25:Infinity":7,"s:26:12:31:Infinity":8,"f:35:16:35:23":1,"s:36:22:36:Infinity":9,"b:37:8:44:Infinity:undefined:undefined:undefined:undefined":1,"s:37:8:44:Infinity":10,"s:38:12:43:Infinity":11,"s:46:8:74:Infinity":12,"s:47:33:47:Infinity":13,"b:50:12:57:Infinity:undefined:undefined:undefined:undefined":2,"s:50:12:57:Infinity":14,"s:51:16:56:Infinity":15,"s:59:12:59:Infinity":16,"s:60:12:65:Infinity":17,"s:67:12:67:Infinity":18,"s:68:12:73:Infinity":19,"f:77:20:77:27":2,"s:78:22:78:Infinity":20,"b:79:8:86:Infinity:undefined:undefined:undefined:undefined":3,"s:79:8:86:Infinity":21,"s:80:12:85:Infinity":22,"s:88:8:126:Infinity":23,"s:89:33:89:Infinity":24,"s:90:29:90:Infinity":25,"b:92:12:99:Infinity:undefined:undefined:undefined:undefined":4,"s:92:12:99:Infinity":26,"s:93:16:98:Infinity":27,"b:102:12:109:Infinity:undefined:undefined:undefined:undefined":5,"s:102:12:109:Infinity":28,"b:102:16:102:44:102:44:102:62":6,"s:103:16:108:Infinity":29,"s:111:32:111:Infinity":30,"s:112:12:117:Infinity":31,"s:119:12:119:Infinity":32,"s:120:12:125:Infinity":33}}}
,"/Users/anhduc/Developer/point_of_interest_api/src/controllers/CategoryController.ts": {"path":"/Users/anhduc/Developer/point_of_interest_api/src/controllers/CategoryController.ts","statementMap":{"0":{"start":{"line":5,"column":29},"end":{"line":8,"column":null}},"1":{"start":{"line":10,"column":34},"end":{"line":104,"column":null}},"2":{"start":{"line":13,"column":8},"end":{"line":31,"column":null}},"3":{"start":{"line":14,"column":31},"end":{"line":14,"column":null}},"4":{"start":{"line":15,"column":12},"end":{"line":22,"column":null}},"5":{"start":{"line":24,"column":12},"end":{"line":24,"column":null}},"6":{"start":{"line":25,"column":12},"end":{"line":30,"column":null}},"7":{"start":{"line":36,"column":22},"end":{"line":36,"column":null}},"8":{"start":{"line":38,"column":8},"end":{"line":43,"column":null}},"9":{"start":{"line":38,"column":35},"end":{"line":43,"column":null}},"10":{"start":{"line":45,"column":8},"end":{"line":73,"column":null}},"11":{"start":{"line":46,"column":27},"end":{"line":46,"column":null}},"12":{"start":{"line":47,"column":12},"end":{"line":54,"column":null}},"13":{"start":{"line":48,"column":16},"end":{"line":53,"column":null}},"14":{"start":{"line":52,"column":59},"end":{"line":52,"column":68}},"15":{"start":{"line":56,"column":29},"end":{"line":56,"column":null}},"16":{"start":{"line":57,"column":12},"end":{"line":64,"column":null}},"17":{"start":{"line":66,"column":12},"end":{"line":66,"column":null}},"18":{"start":{"line":67,"column":12},"end":{"line":72,"column":null}},"19":{"start":{"line":78,"column":22},"end":{"line":78,"column":null}},"20":{"start":{"line":79,"column":8},"end":{"line":84,"column":null}},"21":{"start":{"line":79,"column":35},"end":{"line":84,"column":null}},"22":{"start":{"line":86,"column":8},"end":{"line":102,"column":null}},"23":{"start":{"line":87,"column":12},"end":{"line":87,"column":null}},"24":{"start":{"line":88,"column":12},"end":{"line":93,"column":null}},"25":{"start":{"line":95,"column":12},"end":{"line":95,"column":null}},"26":{"start":{"line":96,"column":12},"end":{"line":101,"column":null}}},"fnMap":{"0":{"name":"(anonymous_0)","decl":{"start":{"line":12,"column":12},"end":{"line":12,"column":19}},"loc":{"start":{"line":12,"column":51},"end":{"line":32,"column":null}},"line":12},"1":{"name":"(anonymous_1)","decl":{"start":{"line":35,"column":12},"end":{"line":35,"column":19}},"loc":{"start":{"line":35,"column":51},"end":{"line":74,"column":null}},"line":35},"2":{"name":"(anonymous_2)","decl":{"start":{"line":52,"column":52},"end":{"line":52,"column":53}},"loc":{"start":{"line":52,"column":59},"end":{"line":52,"column":68}},"line":52},"3":{"name":"(anonymous_3)","decl":{"start":{"line":77,"column":12},"end":{"line":77,"column":19}},"loc":{"start":{"line":77,"column":51},"end":{"line":103,"column":null}},"line":77}},"branchMap":{"0":{"loc":{"start":{"line":38,"column":8},"end":{"line":43,"column":null}},"type":"if","locations":[{"start":{"line":38,"column":8},"end":{"line":43,"column":null}},{"start":{},"end":{}}],"line":38},"1":{"loc":{"start":{"line":47,"column":12},"end":{"line":54,"column":null}},"type":"if","locations":[{"start":{"line":47,"column":12},"end":{"line":54,"column":null}},{"start":{},"end":{}}],"line":47},"2":{"loc":{"start":{"line":79,"column":8},"end":{"line":84,"column":null}},"type":"if","locations":[{"start":{"line":79,"column":8},"end":{"line":84,"column":null}},{"start":{},"end":{}}],"line":79}},"s":{"0":5,"1":5,"2":1,"3":1,"4":1,"5":0,"6":0,"7":1,"8":1,"9":0,"10":1,"11":1,"12":1,"13":0,"14":0,"15":1,"16":1,"17":0,"18":0,"19":1,"20":1,"21":0,"22":1,"23":1,"24":1,"25":0,"26":0},"f":{"0":1,"1":1,"2":0,"3":1},"b":{"0":[0,1],"1":[0,1],"2":[0,1]},"meta":{"lastBranch":3,"lastFunction":4,"lastStatement":27,"seen":{"s:5:29:8:Infinity":0,"s:10:34:104:Infinity":1,"f:12:12:12:19":0,"s:13:8:31:Infinity":2,"s:14:31:14:Infinity":3,"s:15:12:22:Infinity":4,"s:24:12:24:Infinity":5,"s:25:12:30:Infinity":6,"f:35:12:35:19":1,"s:36:22:36:Infinity":7,"b:38:8:43:Infinity:undefined:undefined:undefined:undefined":0,"s:38:8:43:Infinity":8,"s:38:35:43:Infinity":9,"s:45:8:73:Infinity":10,"s:46:27:46:Infinity":11,"b:47:12:54:Infinity:undefined:undefined:undefined:undefined":1,"s:47:12:54:Infinity":12,"s:48:16:53:Infinity":13,"f:52:52:52:53":2,"s:52:59:52:68":14,"s:56:29:56:Infinity":15,"s:57:12:64:Infinity":16,"s:66:12:66:Infinity":17,"s:67:12:72:Infinity":18,"f:77:12:77:19":3,"s:78:22:78:Infinity":19,"b:79:8:84:Infinity:undefined:undefined:undefined:undefined":2,"s:79:8:84:Infinity":20,"s:79:35:84:Infinity":21,"s:86:8:102:Infinity":22,"s:87:12:87:Infinity":23,"s:88:12:93:Infinity":24,"s:95:12:95:Infinity":25,"s:96:12:101:Infinity":26}}}
,"/Users/anhduc/Developer/point_of_interest_api/src/controllers/PlacemarkController.ts": {"path":"/Users/anhduc/Developer/point_of_interest_api/src/controllers/PlacemarkController.ts","statementMap":{"0":{"start":{"line":5,"column":24},"end":{"line":17,"column":null}},"1":{"start":{"line":16,"column":37},"end":{"line":16,"column":69}},"2":{"start":{"line":19,"column":35},"end":{"line":257,"column":null}},"3":{"start":{"line":22,"column":8},"end":{"line":40,"column":null}},"4":{"start":{"line":23,"column":31},"end":{"line":23,"column":null}},"5":{"start":{"line":24,"column":12},"end":{"line":31,"column":null}},"6":{"start":{"line":33,"column":12},"end":{"line":33,"column":null}},"7":{"start":{"line":34,"column":12},"end":{"line":39,"column":null}},"8":{"start":{"line":45,"column":22},"end":{"line":45,"column":null}},"9":{"start":{"line":46,"column":8},"end":{"line":72,"column":null}},"10":{"start":{"line":47,"column":30},"end":{"line":47,"column":null}},"11":{"start":{"line":48,"column":12},"end":{"line":55,"column":null}},"12":{"start":{"line":49,"column":16},"end":{"line":54,"column":null}},"13":{"start":{"line":56,"column":12},"end":{"line":63,"column":null}},"14":{"start":{"line":65,"column":12},"end":{"line":65,"column":null}},"15":{"start":{"line":66,"column":12},"end":{"line":71,"column":null}},"16":{"start":{"line":77,"column":22},"end":{"line":77,"column":null}},"17":{"start":{"line":78,"column":23},"end":{"line":78,"column":null}},"18":{"start":{"line":79,"column":8},"end":{"line":86,"column":null}},"19":{"start":{"line":80,"column":12},"end":{"line":85,"column":null}},"20":{"start":{"line":84,"column":55},"end":{"line":84,"column":64}},"21":{"start":{"line":88,"column":21},"end":{"line":88,"column":null}},"22":{"start":{"line":91,"column":8},"end":{"line":107,"column":null}},"23":{"start":{"line":93,"column":34},"end":{"line":93,"column":null}},"24":{"start":{"line":95,"column":27},"end":{"line":95,"column":null}},"25":{"start":{"line":96,"column":12},"end":{"line":106,"column":null}},"26":{"start":{"line":97,"column":16},"end":{"line":97,"column":null}},"27":{"start":{"line":98,"column":16},"end":{"line":98,"column":null}},"28":{"start":{"line":100,"column":16},"end":{"line":105,"column":null}},"29":{"start":{"line":111,"column":8},"end":{"line":122,"column":null}},"30":{"start":{"line":112,"column":12},"end":{"line":121,"column":null}},"31":{"start":{"line":113,"column":16},"end":{"line":113,"column":null}},"32":{"start":{"line":115,"column":16},"end":{"line":120,"column":null}},"33":{"start":{"line":124,"column":8},"end":{"line":150,"column":null}},"34":{"start":{"line":127,"column":34},"end":{"line":132,"column":null}},"35":{"start":{"line":134,"column":30},"end":{"line":134,"column":null}},"36":{"start":{"line":135,"column":12},"end":{"line":142,"column":null}},"37":{"start":{"line":144,"column":12},"end":{"line":149,"column":null}},"38":{"start":{"line":155,"column":22},"end":{"line":155,"column":null}},"39":{"start":{"line":157,"column":23},"end":{"line":157,"column":null}},"40":{"start":{"line":158,"column":8},"end":{"line":165,"column":null}},"41":{"start":{"line":159,"column":12},"end":{"line":164,"column":null}},"42":{"start":{"line":163,"column":55},"end":{"line":163,"column":64}},"43":{"start":{"line":169,"column":8},"end":{"line":180,"column":null}},"44":{"start":{"line":170,"column":12},"end":{"line":179,"column":null}},"45":{"start":{"line":171,"column":16},"end":{"line":171,"column":null}},"46":{"start":{"line":173,"column":16},"end":{"line":178,"column":null}},"47":{"start":{"line":182,"column":8},"end":{"line":221,"column":null}},"48":{"start":{"line":183,"column":36},"end":{"line":185,"column":null}},"49":{"start":{"line":187,"column":12},"end":{"line":191,"column":null}},"50":{"start":{"line":188,"column":16},"end":{"line":188,"column":null}},"51":{"start":{"line":189,"column":12},"end":{"line":191,"column":null}},"52":{"start":{"line":190,"column":16},"end":{"line":190,"column":null}},"53":{"start":{"line":193,"column":30},"end":{"line":193,"column":null}},"54":{"start":{"line":194,"column":12},"end":{"line":201,"column":null}},"55":{"start":{"line":203,"column":12},"end":{"line":208,"column":null}},"56":{"start":{"line":203,"column":43},"end":{"line":208,"column":null}},"57":{"start":{"line":209,"column":12},"end":{"line":214,"column":null}},"58":{"start":{"line":209,"column":43},"end":{"line":214,"column":null}},"59":{"start":{"line":215,"column":12},"end":{"line":220,"column":null}},"60":{"start":{"line":226,"column":22},"end":{"line":226,"column":null}},"61":{"start":{"line":228,"column":8},"end":{"line":255,"column":null}},"62":{"start":{"line":229,"column":12},"end":{"line":229,"column":null}},"63":{"start":{"line":230,"column":12},"end":{"line":235,"column":null}},"64":{"start":{"line":237,"column":12},"end":{"line":242,"column":null}},"65":{"start":{"line":237,"column":43},"end":{"line":242,"column":null}},"66":{"start":{"line":243,"column":12},"end":{"line":248,"column":null}},"67":{"start":{"line":243,"column":43},"end":{"line":248,"column":null}},"68":{"start":{"line":249,"column":12},"end":{"line":254,"column":null}}},"fnMap":{"0":{"name":"(anonymous_0)","decl":{"start":{"line":16,"column":28},"end":{"line":16,"column":29}},"loc":{"start":{"line":16,"column":37},"end":{"line":16,"column":69}},"line":16},"1":{"name":"(anonymous_1)","decl":{"start":{"line":21,"column":12},"end":{"line":21,"column":19}},"loc":{"start":{"line":21,"column":51},"end":{"line":41,"column":null}},"line":21},"2":{"name":"(anonymous_2)","decl":{"start":{"line":44,"column":12},"end":{"line":44,"column":19}},"loc":{"start":{"line":44,"column":51},"end":{"line":73,"column":null}},"line":44},"3":{"name":"(anonymous_3)","decl":{"start":{"line":76,"column":12},"end":{"line":76,"column":19}},"loc":{"start":{"line":76,"column":51},"end":{"line":151,"column":null}},"line":76},"4":{"name":"(anonymous_4)","decl":{"start":{"line":84,"column":48},"end":{"line":84,"column":49}},"loc":{"start":{"line":84,"column":55},"end":{"line":84,"column":64}},"line":84},"5":{"name":"(anonymous_5)","decl":{"start":{"line":154,"column":12},"end":{"line":154,"column":19}},"loc":{"start":{"line":154,"column":51},"end":{"line":222,"column":null}},"line":154},"6":{"name":"(anonymous_6)","decl":{"start":{"line":163,"column":48},"end":{"line":163,"column":49}},"loc":{"start":{"line":163,"column":55},"end":{"line":163,"column":64}},"line":163},"7":{"name":"(anonymous_7)","decl":{"start":{"line":225,"column":12},"end":{"line":225,"column":19}},"loc":{"start":{"line":225,"column":51},"end":{"line":256,"column":null}},"line":225}},"branchMap":{"0":{"loc":{"start":{"line":16,"column":37},"end":{"line":16,"column":69}},"type":"binary-expr","locations":[{"start":{"line":16,"column":37},"end":{"line":16,"column":55}},{"start":{"line":16,"column":55},"end":{"line":16,"column":69}}],"line":16},"1":{"loc":{"start":{"line":48,"column":12},"end":{"line":55,"column":null}},"type":"if","locations":[{"start":{"line":48,"column":12},"end":{"line":55,"column":null}},{"start":{},"end":{}}],"line":48},"2":{"loc":{"start":{"line":79,"column":8},"end":{"line":86,"column":null}},"type":"if","locations":[{"start":{"line":79,"column":8},"end":{"line":86,"column":null}},{"start":{},"end":{}}],"line":79},"3":{"loc":{"start":{"line":91,"column":8},"end":{"line":107,"column":null}},"type":"if","locations":[{"start":{"line":91,"column":8},"end":{"line":107,"column":null}},{"start":{},"end":{}}],"line":91},"4":{"loc":{"start":{"line":91,"column":12},"end":{"line":91,"column":62}},"type":"binary-expr","locations":[{"start":{"line":91,"column":12},"end":{"line":91,"column":38}},{"start":{"line":91,"column":38},"end":{"line":91,"column":62}}],"line":91},"5":{"loc":{"start":{"line":96,"column":12},"end":{"line":106,"column":null}},"type":"if","locations":[{"start":{"line":96,"column":12},"end":{"line":106,"column":null}},{"start":{"line":99,"column":19},"end":{"line":106,"column":null}}],"line":96},"6":{"loc":{"start":{"line":111,"column":8},"end":{"line":122,"column":null}},"type":"if","locations":[{"start":{"line":111,"column":8},"end":{"line":122,"column":null}},{"start":{},"end":{}}],"line":111},"7":{"loc":{"start":{"line":158,"column":8},"end":{"line":165,"column":null}},"type":"if","locations":[{"start":{"line":158,"column":8},"end":{"line":165,"column":null}},{"start":{},"end":{}}],"line":158},"8":{"loc":{"start":{"line":169,"column":8},"end":{"line":180,"column":null}},"type":"if","locations":[{"start":{"line":169,"column":8},"end":{"line":180,"column":null}},{"start":{},"end":{}}],"line":169},"9":{"loc":{"start":{"line":187,"column":12},"end":{"line":191,"column":null}},"type":"if","locations":[{"start":{"line":187,"column":12},"end":{"line":191,"column":null}},{"start":{"line":189,"column":12},"end":{"line":191,"column":null}}],"line":187},"10":{"loc":{"start":{"line":189,"column":12},"end":{"line":191,"column":null}},"type":"if","locations":[{"start":{"line":189,"column":12},"end":{"line":191,"column":null}},{"start":{},"end":{}}],"line":189},"11":{"loc":{"start":{"line":203,"column":12},"end":{"line":208,"column":null}},"type":"if","locations":[{"start":{"line":203,"column":12},"end":{"line":208,"column":null}},{"start":{},"end":{}}],"line":203},"12":{"loc":{"start":{"line":209,"column":12},"end":{"line":214,"column":null}},"type":"if","locations":[{"start":{"line":209,"column":12},"end":{"line":214,"column":null}},{"start":{},"end":{}}],"line":209},"13":{"loc":{"start":{"line":237,"column":12},"end":{"line":242,"column":null}},"type":"if","locations":[{"start":{"line":237,"column":12},"end":{"line":242,"column":null}},{"start":{},"end":{}}],"line":237},"14":{"loc":{"start":{"line":243,"column":12},"end":{"line":248,"column":null}},"type":"if","locations":[{"start":{"line":243,"column":12},"end":{"line":248,"column":null}},{"start":{},"end":{}}],"line":243}},"s":{"0":5,"1":1,"2":5,"3":0,"4":0,"5":0,"6":0,"7":0,"8":3,"9":3,"10":3,"11":3,"12":0,"13":3,"14":0,"15":0,"16":1,"17":1,"18":1,"19":0,"20":0,"21":1,"22":1,"23":0,"24":0,"25":0,"26":0,"27":0,"28":0,"29":1,"30":0,"31":0,"32":0,"33":1,"34":1,"35":1,"36":1,"37":0,"38":2,"39":2,"40":2,"41":0,"42":0,"43":2,"44":0,"45":0,"46":0,"47":2,"48":2,"49":2,"50":0,"51":2,"52":0,"53":2,"54":1,"55":1,"56":1,"57":0,"58":0,"59":0,"60":1,"61":1,"62":1,"63":1,"64":0,"65":0,"66":0,"67":0,"68":0},"f":{"0":1,"1":0,"2":3,"3":1,"4":0,"5":2,"6":0,"7":1},"b":{"0":[1,1],"1":[0,3],"2":[0,1],"3":[0,1],"4":[1,1],"5":[0,0],"6":[0,1],"7":[0,2],"8":[0,2],"9":[0,2],"10":[0,2],"11":[1,0],"12":[0,0],"13":[0,0],"14":[0,0]},"meta":{"lastBranch":15,"lastFunction":8,"lastStatement":69,"seen":{"s:5:24:17:Infinity":0,"f:16:28:16:29":0,"s:16:37:16:69":1,"b:16:37:16:55:16:55:16:69":0,"s:19:35:257:Infinity":2,"f:21:12:21:19":1,"s:22:8:40:Infinity":3,"s:23:31:23:Infinity":4,"s:24:12:31:Infinity":5,"s:33:12:33:Infinity":6,"s:34:12:39:Infinity":7,"f:44:12:44:19":2,"s:45:22:45:Infinity":8,"s:46:8:72:Infinity":9,"s:47:30:47:Infinity":10,"b:48:12:55:Infinity:undefined:undefined:undefined:undefined":1,"s:48:12:55:Infinity":11,"s:49:16:54:Infinity":12,"s:56:12:63:Infinity":13,"s:65:12:65:Infinity":14,"s:66:12:71:Infinity":15,"f:76:12:76:19":3,"s:77:22:77:Infinity":16,"s:78:23:78:Infinity":17,"b:79:8:86:Infinity:undefined:undefined:undefined:undefined":2,"s:79:8:86:Infinity":18,"s:80:12:85:Infinity":19,"f:84:48:84:49":4,"s:84:55:84:64":20,"s:88:21:88:Infinity":21,"b:91:8:107:Infinity:undefined:undefined:undefined:undefined":3,"s:91:8:107:Infinity":22,"b:91:12:91:38:91:38:91:62":4,"s:93:34:93:Infinity":23,"s:95:27:95:Infinity":24,"b:96:12:106:Infinity:99:19:106:Infinity":5,"s:96:12:106:Infinity":25,"s:97:16:97:Infinity":26,"s:98:16:98:Infinity":27,"s:100:16:105:Infinity":28,"b:111:8:122:Infinity:undefined:undefined:undefined:undefined":6,"s:111:8:122:Infinity":29,"s:112:12:121:Infinity":30,"s:113:16:113:Infinity":31,"s:115:16:120:Infinity":32,"s:124:8:150:Infinity":33,"s:127:34:132:Infinity":34,"s:134:30:134:Infinity":35,"s:135:12:142:Infinity":36,"s:144:12:149:Infinity":37,"f:154:12:154:19":5,"s:155:22:155:Infinity":38,"s:157:23:157:Infinity":39,"b:158:8:165:Infinity:undefined:undefined:undefined:undefined":7,"s:158:8:165:Infinity":40,"s:159:12:164:Infinity":41,"f:163:48:163:49":6,"s:163:55:163:64":42,"b:169:8:180:Infinity:undefined:undefined:undefined:undefined":8,"s:169:8:180:Infinity":43,"s:170:12:179:Infinity":44,"s:171:16:171:Infinity":45,"s:173:16:178:Infinity":46,"s:182:8:221:Infinity":47,"s:183:36:185:Infinity":48,"b:187:12:191:Infinity:189:12:191:Infinity":9,"s:187:12:191:Infinity":49,"s:188:16:188:Infinity":50,"b:189:12:191:Infinity:undefined:undefined:undefined:undefined":10,"s:189:12:191:Infinity":51,"s:190:16:190:Infinity":52,"s:193:30:193:Infinity":53,"s:194:12:201:Infinity":54,"b:203:12:208:Infinity:undefined:undefined:undefined:undefined":11,"s:203:12:208:Infinity":55,"s:203:43:208:Infinity":56,"b:209:12:214:Infinity:undefined:undefined:undefined:undefined":12,"s:209:12:214:Infinity":57,"s:209:43:214:Infinity":58,"s:215:12:220:Infinity":59,"f:225:12:225:19":7,"s:226:22:226:Infinity":60,"s:228:8:255:Infinity":61,"s:229:12:229:Infinity":62,"s:230:12:235:Infinity":63,"b:237:12:242:Infinity:undefined:undefined:undefined:undefined":13,"s:237:12:242:Infinity":64,"s:237:43:242:Infinity":65,"b:243:12:248:Infinity:undefined:undefined:undefined:undefined":14,"s:243:12:248:Infinity":66,"s:243:43:248:Infinity":67,"s:249:12:254:Infinity":68}}}
,"/Users/anhduc/Developer/point_of_interest_api/src/controllers/ReviewController.ts": {"path":"/Users/anhduc/Developer/point_of_interest_api/src/controllers/ReviewController.ts","statementMap":{"0":{"start":{"line":5,"column":27},"end":{"line":10,"column":null}},"1":{"start":{"line":12,"column":32},"end":{"line":121,"column":null}},"2":{"start":{"line":14,"column":22},"end":{"line":14,"column":null}},"3":{"start":{"line":15,"column":8},"end":{"line":22,"column":null}},"4":{"start":{"line":16,"column":12},"end":{"line":21,"column":null}},"5":{"start":{"line":24,"column":8},"end":{"line":59,"column":null}},"6":{"start":{"line":25,"column":27},"end":{"line":25,"column":null}},"7":{"start":{"line":26,"column":12},"end":{"line":33,"column":null}},"8":{"start":{"line":27,"column":16},"end":{"line":32,"column":null}},"9":{"start":{"line":31,"column":73},"end":{"line":31,"column":82}},"10":{"start":{"line":35,"column":27},"end":{"line":38,"column":null}},"11":{"start":{"line":40,"column":12},"end":{"line":45,"column":null}},"12":{"start":{"line":47,"column":12},"end":{"line":47,"column":null}},"13":{"start":{"line":48,"column":25},"end":{"line":48,"column":null}},"14":{"start":{"line":49,"column":12},"end":{"line":49,"column":null}},"15":{"start":{"line":49,"column":49},"end":{"line":49,"column":null}},"16":{"start":{"line":50,"column":12},"end":{"line":50,"column":null}},"17":{"start":{"line":50,"column":67},"end":{"line":50,"column":null}},"18":{"start":{"line":51,"column":12},"end":{"line":51,"column":null}},"19":{"start":{"line":51,"column":54},"end":{"line":51,"column":null}},"20":{"start":{"line":53,"column":12},"end":{"line":58,"column":null}},"21":{"start":{"line":63,"column":22},"end":{"line":63,"column":null}},"22":{"start":{"line":64,"column":8},"end":{"line":71,"column":null}},"23":{"start":{"line":65,"column":12},"end":{"line":70,"column":null}},"24":{"start":{"line":73,"column":8},"end":{"line":99,"column":null}},"25":{"start":{"line":74,"column":12},"end":{"line":78,"column":null}},"26":{"start":{"line":80,"column":12},"end":{"line":85,"column":null}},"27":{"start":{"line":87,"column":12},"end":{"line":87,"column":null}},"28":{"start":{"line":88,"column":25},"end":{"line":88,"column":null}},"29":{"start":{"line":89,"column":12},"end":{"line":89,"column":null}},"30":{"start":{"line":89,"column":56},"end":{"line":89,"column":null}},"31":{"start":{"line":90,"column":12},"end":{"line":90,"column":null}},"32":{"start":{"line":90,"column":52},"end":{"line":90,"column":null}},"33":{"start":{"line":91,"column":12},"end":{"line":91,"column":null}},"34":{"start":{"line":91,"column":58},"end":{"line":91,"column":null}},"35":{"start":{"line":93,"column":12},"end":{"line":98,"column":null}},"36":{"start":{"line":103,"column":8},"end":{"line":119,"column":null}},"37":{"start":{"line":104,"column":28},"end":{"line":104,"column":null}},"38":{"start":{"line":105,"column":12},"end":{"line":110,"column":null}},"39":{"start":{"line":112,"column":12},"end":{"line":112,"column":null}},"40":{"start":{"line":113,"column":12},"end":{"line":118,"column":null}}},"fnMap":{"0":{"name":"(anonymous_0)","decl":{"start":{"line":13,"column":12},"end":{"line":13,"column":19}},"loc":{"start":{"line":13,"column":51},"end":{"line":60,"column":null}},"line":13},"1":{"name":"(anonymous_1)","decl":{"start":{"line":31,"column":61},"end":{"line":31,"column":62}},"loc":{"start":{"line":31,"column":73},"end":{"line":31,"column":82}},"line":31},"2":{"name":"(anonymous_2)","decl":{"start":{"line":62,"column":12},"end":{"line":62,"column":19}},"loc":{"start":{"line":62,"column":51},"end":{"line":100,"column":null}},"line":62},"3":{"name":"(anonymous_3)","decl":{"start":{"line":102,"column":20},"end":{"line":102,"column":27}},"loc":{"start":{"line":102,"column":59},"end":{"line":120,"column":null}},"line":102}},"branchMap":{"0":{"loc":{"start":{"line":15,"column":8},"end":{"line":22,"column":null}},"type":"if","locations":[{"start":{"line":15,"column":8},"end":{"line":22,"column":null}},{"start":{},"end":{}}],"line":15},"1":{"loc":{"start":{"line":26,"column":12},"end":{"line":33,"column":null}},"type":"if","locations":[{"start":{"line":26,"column":12},"end":{"line":33,"column":null}},{"start":{},"end":{}}],"line":26},"2":{"loc":{"start":{"line":49,"column":12},"end":{"line":49,"column":null}},"type":"if","locations":[{"start":{"line":49,"column":12},"end":{"line":49,"column":null}},{"start":{},"end":{}}],"line":49},"3":{"loc":{"start":{"line":50,"column":12},"end":{"line":50,"column":null}},"type":"if","locations":[{"start":{"line":50,"column":12},"end":{"line":50,"column":null}},{"start":{},"end":{}}],"line":50},"4":{"loc":{"start":{"line":51,"column":12},"end":{"line":51,"column":null}},"type":"if","locations":[{"start":{"line":51,"column":12},"end":{"line":51,"column":null}},{"start":{},"end":{}}],"line":51},"5":{"loc":{"start":{"line":55,"column":25},"end":{"line":55,"column":null}},"type":"binary-expr","locations":[{"start":{"line":55,"column":25},"end":{"line":55,"column":38}},{"start":{"line":55,"column":38},"end":{"line":55,"column":null}}],"line":55},"6":{"loc":{"start":{"line":64,"column":8},"end":{"line":71,"column":null}},"type":"if","locations":[{"start":{"line":64,"column":8},"end":{"line":71,"column":null}},{"start":{},"end":{}}],"line":64},"7":{"loc":{"start":{"line":89,"column":12},"end":{"line":89,"column":null}},"type":"if","locations":[{"start":{"line":89,"column":12},"end":{"line":89,"column":null}},{"start":{},"end":{}}],"line":89},"8":{"loc":{"start":{"line":90,"column":12},"end":{"line":90,"column":null}},"type":"if","locations":[{"start":{"line":90,"column":12},"end":{"line":90,"column":null}},{"start":{},"end":{}}],"line":90},"9":{"loc":{"start":{"line":91,"column":12},"end":{"line":91,"column":null}},"type":"if","locations":[{"start":{"line":91,"column":12},"end":{"line":91,"column":null}},{"start":{},"end":{}}],"line":91},"10":{"loc":{"start":{"line":95,"column":25},"end":{"line":95,"column":null}},"type":"binary-expr","locations":[{"start":{"line":95,"column":25},"end":{"line":95,"column":38}},{"start":{"line":95,"column":38},"end":{"line":95,"column":null}}],"line":95}},"s":{"0":5,"1":5,"2":4,"3":4,"4":0,"5":4,"6":4,"7":4,"8":0,"9":0,"10":4,"11":3,"12":1,"13":1,"14":1,"15":0,"16":1,"17":1,"18":1,"19":0,"20":1,"21":2,"22":2,"23":0,"24":2,"25":2,"26":1,"27":1,"28":1,"29":1,"30":1,"31":1,"32":0,"33":1,"34":0,"35":1,"36":1,"37":1,"38":1,"39":0,"40":0},"f":{"0":4,"1":0,"2":2,"3":1},"b":{"0":[0,4],"1":[0,4],"2":[0,1],"3":[1,0],"4":[0,1],"5":[1,0],"6":[0,2],"7":[1,0],"8":[0,1],"9":[0,1],"10":[1,0]},"meta":{"lastBranch":11,"lastFunction":4,"lastStatement":41,"seen":{"s:5:27:10:Infinity":0,"s:12:32:121:Infinity":1,"f:13:12:13:19":0,"s:14:22:14:Infinity":2,"b:15:8:22:Infinity:undefined:undefined:undefined:undefined":0,"s:15:8:22:Infinity":3,"s:16:12:21:Infinity":4,"s:24:8:59:Infinity":5,"s:25:27:25:Infinity":6,"b:26:12:33:Infinity:undefined:undefined:undefined:undefined":1,"s:26:12:33:Infinity":7,"s:27:16:32:Infinity":8,"f:31:61:31:62":1,"s:31:73:31:82":9,"s:35:27:38:Infinity":10,"s:40:12:45:Infinity":11,"s:47:12:47:Infinity":12,"s:48:25:48:Infinity":13,"b:49:12:49:Infinity:undefined:undefined:undefined:undefined":2,"s:49:12:49:Infinity":14,"s:49:49:49:Infinity":15,"b:50:12:50:Infinity:undefined:undefined:undefined:undefined":3,"s:50:12:50:Infinity":16,"s:50:67:50:Infinity":17,"b:51:12:51:Infinity:undefined:undefined:undefined:undefined":4,"s:51:12:51:Infinity":18,"s:51:54:51:Infinity":19,"s:53:12:58:Infinity":20,"b:55:25:55:38:55:38:55:Infinity":5,"f:62:12:62:19":2,"s:63:22:63:Infinity":21,"b:64:8:71:Infinity:undefined:undefined:undefined:undefined":6,"s:64:8:71:Infinity":22,"s:65:12:70:Infinity":23,"s:73:8:99:Infinity":24,"s:74:12:78:Infinity":25,"s:80:12:85:Infinity":26,"s:87:12:87:Infinity":27,"s:88:25:88:Infinity":28,"b:89:12:89:Infinity:undefined:undefined:undefined:undefined":7,"s:89:12:89:Infinity":29,"s:89:56:89:Infinity":30,"b:90:12:90:Infinity:undefined:undefined:undefined:undefined":8,"s:90:12:90:Infinity":31,"s:90:52:90:Infinity":32,"b:91:12:91:Infinity:undefined:undefined:undefined:undefined":9,"s:91:12:91:Infinity":33,"s:91:58:91:Infinity":34,"s:93:12:98:Infinity":35,"b:95:25:95:38:95:38:95:Infinity":10,"f:102:20:102:27":3,"s:103:8:119:Infinity":36,"s:104:28:104:Infinity":37,"s:105:12:110:Infinity":38,"s:112:12:112:Infinity":39,"s:113:12:118:Infinity":40}}}
,"/Users/anhduc/Developer/point_of_interest_api/src/controllers/auth/ChangePasswordController.ts": {"path":"/Users/anhduc/Developer/point_of_interest_api/src/controllers/auth/ChangePasswordController.ts","statementMap":{"0":{"start":{"line":5,"column":29},"end":{"line":8,"column":null}},"1":{"start":{"line":13,"column":40},"end":{"line":56,"column":null}},"2":{"start":{"line":14,"column":18},"end":{"line":14,"column":null}},"3":{"start":{"line":15,"column":4},"end":{"line":20,"column":null}},"4":{"start":{"line":15,"column":15},"end":{"line":20,"column":null}},"5":{"start":{"line":22,"column":19},"end":{"line":22,"column":null}},"6":{"start":{"line":23,"column":4},"end":{"line":30,"column":null}},"7":{"start":{"line":24,"column":8},"end":{"line":29,"column":null}},"8":{"start":{"line":28,"column":51},"end":{"line":28,"column":60}},"9":{"start":{"line":32,"column":4},"end":{"line":55,"column":null}},"10":{"start":{"line":33,"column":8},"end":{"line":33,"column":null}},"11":{"start":{"line":34,"column":8},"end":{"line":39,"column":null}},"12":{"start":{"line":41,"column":8},"end":{"line":48,"column":null}},"13":{"start":{"line":42,"column":12},"end":{"line":47,"column":null}},"14":{"start":{"line":49,"column":8},"end":{"line":54,"column":null}}},"fnMap":{"0":{"name":"(anonymous_0)","decl":{"start":{"line":13,"column":40},"end":{"line":13,"column":47}},"loc":{"start":{"line":13,"column":79},"end":{"line":56,"column":null}},"line":13},"1":{"name":"(anonymous_1)","decl":{"start":{"line":28,"column":44},"end":{"line":28,"column":45}},"loc":{"start":{"line":28,"column":51},"end":{"line":28,"column":60}},"line":28}},"branchMap":{"0":{"loc":{"start":{"line":15,"column":4},"end":{"line":20,"column":null}},"type":"if","locations":[{"start":{"line":15,"column":4},"end":{"line":20,"column":null}},{"start":{},"end":{}}],"line":15},"1":{"loc":{"start":{"line":23,"column":4},"end":{"line":30,"column":null}},"type":"if","locations":[{"start":{"line":23,"column":4},"end":{"line":30,"column":null}},{"start":{},"end":{}}],"line":23},"2":{"loc":{"start":{"line":41,"column":8},"end":{"line":48,"column":null}},"type":"if","locations":[{"start":{"line":41,"column":8},"end":{"line":48,"column":null}},{"start":{},"end":{}}],"line":41}},"s":{"0":5,"1":5,"2":1,"3":1,"4":0,"5":1,"6":1,"7":0,"8":0,"9":1,"10":1,"11":1,"12":0,"13":0,"14":0},"f":{"0":1,"1":0},"b":{"0":[0,1],"1":[0,1],"2":[0,0]},"meta":{"lastBranch":3,"lastFunction":2,"lastStatement":15,"seen":{"s:5:29:8:Infinity":0,"s:13:40:56:Infinity":1,"f:13:40:13:47":0,"s:14:18:14:Infinity":2,"b:15:4:20:Infinity:undefined:undefined:undefined:undefined":0,"s:15:4:20:Infinity":3,"s:15:15:20:Infinity":4,"s:22:19:22:Infinity":5,"b:23:4:30:Infinity:undefined:undefined:undefined:undefined":1,"s:23:4:30:Infinity":6,"s:24:8:29:Infinity":7,"f:28:44:28:45":1,"s:28:51:28:60":8,"s:32:4:55:Infinity":9,"s:33:8:33:Infinity":10,"s:34:8:39:Infinity":11,"b:41:8:48:Infinity:undefined:undefined:undefined:undefined":2,"s:41:8:48:Infinity":12,"s:42:12:47:Infinity":13,"s:49:8:54:Infinity":14}}}
,"/Users/anhduc/Developer/point_of_interest_api/src/controllers/auth/ForgotPasswordController.ts": {"path":"/Users/anhduc/Developer/point_of_interest_api/src/controllers/auth/ForgotPasswordController.ts","statementMap":{"0":{"start":{"line":6,"column":29},"end":{"line":8,"column":null}},"1":{"start":{"line":11,"column":4},"end":{"line":50,"column":null}},"2":{"start":{"line":13,"column":23},"end":{"line":13,"column":null}},"3":{"start":{"line":14,"column":8},"end":{"line":21,"column":null}},"4":{"start":{"line":15,"column":12},"end":{"line":20,"column":null}},"5":{"start":{"line":23,"column":8},"end":{"line":23,"column":null}},"6":{"start":{"line":25,"column":8},"end":{"line":30,"column":null}},"7":{"start":{"line":33,"column":20},"end":{"line":33,"column":null}},"8":{"start":{"line":34,"column":8},"end":{"line":41,"column":null}},"9":{"start":{"line":35,"column":12},"end":{"line":40,"column":null}},"10":{"start":{"line":43,"column":8},"end":{"line":43,"column":null}},"11":{"start":{"line":44,"column":8},"end":{"line":49,"column":null}}},"fnMap":{"0":{"name":"ForgotPasswordController","decl":{"start":{"line":10,"column":22},"end":{"line":10,"column":47}},"loc":{"start":{"line":10,"column":76},"end":{"line":51,"column":null}},"line":10}},"branchMap":{"0":{"loc":{"start":{"line":14,"column":8},"end":{"line":21,"column":null}},"type":"if","locations":[{"start":{"line":14,"column":8},"end":{"line":21,"column":null}},{"start":{},"end":{}}],"line":14},"1":{"loc":{"start":{"line":34,"column":8},"end":{"line":41,"column":null}},"type":"if","locations":[{"start":{"line":34,"column":8},"end":{"line":41,"column":null}},{"start":{},"end":{}}],"line":34}},"s":{"0":5,"1":0,"2":0,"3":0,"4":0,"5":0,"6":0,"7":0,"8":0,"9":0,"10":0,"11":0},"f":{"0":0},"b":{"0":[0,0],"1":[0,0]},"meta":{"lastBranch":2,"lastFunction":1,"lastStatement":12,"seen":{"s:6:29:8:Infinity":0,"f:10:22:10:47":0,"s:11:4:50:Infinity":1,"s:13:23:13:Infinity":2,"b:14:8:21:Infinity:undefined:undefined:undefined:undefined":0,"s:14:8:21:Infinity":3,"s:15:12:20:Infinity":4,"s:23:8:23:Infinity":5,"s:25:8:30:Infinity":6,"s:33:20:33:Infinity":7,"b:34:8:41:Infinity:undefined:undefined:undefined:undefined":1,"s:34:8:41:Infinity":8,"s:35:12:40:Infinity":9,"s:43:8:43:Infinity":10,"s:44:8:49:Infinity":11}}}
,"/Users/anhduc/Developer/point_of_interest_api/src/controllers/auth/LoginController.ts": {"path":"/Users/anhduc/Developer/point_of_interest_api/src/controllers/auth/LoginController.ts","statementMap":{"0":{"start":{"line":5,"column":4},"end":{"line":52,"column":null}},"1":{"start":{"line":6,"column":23},"end":{"line":6,"column":null}},"2":{"start":{"line":7,"column":29},"end":{"line":7,"column":null}},"3":{"start":{"line":9,"column":8},"end":{"line":15,"column":null}},"4":{"start":{"line":17,"column":8},"end":{"line":25,"column":null}},"5":{"start":{"line":28,"column":8},"end":{"line":35,"column":null}},"6":{"start":{"line":29,"column":12},"end":{"line":34,"column":null}},"7":{"start":{"line":37,"column":8},"end":{"line":44,"column":null}},"8":{"start":{"line":38,"column":12},"end":{"line":43,"column":null}},"9":{"start":{"line":46,"column":8},"end":{"line":51,"column":null}}},"fnMap":{"0":{"name":"LoginController","decl":{"start":{"line":4,"column":30},"end":{"line":4,"column":46}},"loc":{"start":{"line":4,"column":75},"end":{"line":53,"column":null}},"line":4}},"branchMap":{"0":{"loc":{"start":{"line":12,"column":22},"end":{"line":12,"column":null}},"type":"cond-expr","locations":[{"start":{"line":12,"column":37},"end":{"line":12,"column":48}},{"start":{"line":12,"column":48},"end":{"line":12,"column":null}}],"line":12},"1":{"loc":{"start":{"line":28,"column":8},"end":{"line":35,"column":null}},"type":"if","locations":[{"start":{"line":28,"column":8},"end":{"line":35,"column":null}},{"start":{},"end":{}}],"line":28},"2":{"loc":{"start":{"line":28,"column":12},"end":{"line":28,"column":79}},"type":"binary-expr","locations":[{"start":{"line":28,"column":12},"end":{"line":28,"column":38}},{"start":{"line":28,"column":38},"end":{"line":28,"column":79}}],"line":28},"3":{"loc":{"start":{"line":37,"column":8},"end":{"line":44,"column":null}},"type":"if","locations":[{"start":{"line":37,"column":8},"end":{"line":44,"column":null}},{"start":{},"end":{}}],"line":37},"4":{"loc":{"start":{"line":37,"column":12},"end":{"line":37,"column":78}},"type":"binary-expr","locations":[{"start":{"line":37,"column":12},"end":{"line":37,"column":38}},{"start":{"line":37,"column":38},"end":{"line":37,"column":78}}],"line":37}},"s":{"0":4,"1":4,"2":2,"3":2,"4":4,"5":2,"6":1,"7":1,"8":1,"9":0},"f":{"0":4},"b":{"0":[2,0],"1":[1,1],"2":[2,2],"3":[1,0],"4":[1,1]},"meta":{"lastBranch":5,"lastFunction":1,"lastStatement":10,"seen":{"f:4:30:4:46":0,"s:5:4:52:Infinity":0,"s:6:23:6:Infinity":1,"s:7:29:7:Infinity":2,"s:9:8:15:Infinity":3,"b:12:37:12:48:12:48:12:Infinity":0,"s:17:8:25:Infinity":4,"b:28:8:35:Infinity:undefined:undefined:undefined:undefined":1,"s:28:8:35:Infinity":5,"b:28:12:28:38:28:38:28:79":2,"s:29:12:34:Infinity":6,"b:37:8:44:Infinity:undefined:undefined:undefined:undefined":3,"s:37:8:44:Infinity":7,"b:37:12:37:38:37:38:37:78":4,"s:38:12:43:Infinity":8,"s:46:8:51:Infinity":9}}}
,"/Users/anhduc/Developer/point_of_interest_api/src/controllers/auth/LogoutController.ts": {"path":"/Users/anhduc/Developer/point_of_interest_api/src/controllers/auth/LogoutController.ts","statementMap":{"0":{"start":{"line":6,"column":25},"end":{"line":6,"column":null}},"1":{"start":{"line":8,"column":4},"end":{"line":15,"column":null}},"2":{"start":{"line":9,"column":8},"end":{"line":14,"column":null}},"3":{"start":{"line":17,"column":4},"end":{"line":17,"column":null}},"4":{"start":{"line":20,"column":4},"end":{"line":25,"column":null}},"5":{"start":{"line":28,"column":4},"end":{"line":33,"column":null}}},"fnMap":{"0":{"name":"LogoutController","decl":{"start":{"line":4,"column":30},"end":{"line":4,"column":47}},"loc":{"start":{"line":4,"column":76},"end":{"line":34,"column":null}},"line":4}},"branchMap":{"0":{"loc":{"start":{"line":8,"column":4},"end":{"line":15,"column":null}},"type":"if","locations":[{"start":{"line":8,"column":4},"end":{"line":15,"column":null}},{"start":{},"end":{}}],"line":8}},"s":{"0":0,"1":0,"2":0,"3":0,"4":0,"5":0},"f":{"0":0},"b":{"0":[0,0]},"meta":{"lastBranch":1,"lastFunction":1,"lastStatement":6,"seen":{"f:4:30:4:47":0,"s:6:25:6:Infinity":0,"b:8:4:15:Infinity:undefined:undefined:undefined:undefined":0,"s:8:4:15:Infinity":1,"s:9:8:14:Infinity":2,"s:17:4:17:Infinity":3,"s:20:4:25:Infinity":4,"s:28:4:33:Infinity":5}}}
,"/Users/anhduc/Developer/point_of_interest_api/src/controllers/auth/MeController.ts": {"path":"/Users/anhduc/Developer/point_of_interest_api/src/controllers/auth/MeController.ts","statementMap":{"0":{"start":{"line":9,"column":28},"end":{"line":15,"column":null}},"1":{"start":{"line":17,"column":28},"end":{"line":161,"column":null}},"2":{"start":{"line":20,"column":8},"end":{"line":45,"column":null}},"3":{"start":{"line":21,"column":25},"end":{"line":21,"column":null}},"4":{"start":{"line":22,"column":12},"end":{"line":29,"column":null}},"5":{"start":{"line":31,"column":12},"end":{"line":38,"column":null}},"6":{"start":{"line":32,"column":16},"end":{"line":37,"column":null}},"7":{"start":{"line":39,"column":12},"end":{"line":44,"column":null}},"8":{"start":{"line":50,"column":23},"end":{"line":50,"column":null}},"9":{"start":{"line":51,"column":8},"end":{"line":58,"column":null}},"10":{"start":{"line":52,"column":12},"end":{"line":57,"column":null}},"11":{"start":{"line":60,"column":8},"end":{"line":92,"column":null}},"12":{"start":{"line":61,"column":27},"end":{"line":61,"column":null}},"13":{"start":{"line":64,"column":51},"end":{"line":64,"column":null}},"14":{"start":{"line":66,"column":12},"end":{"line":76,"column":null}},"15":{"start":{"line":78,"column":12},"end":{"line":85,"column":null}},"16":{"start":{"line":79,"column":16},"end":{"line":84,"column":null}},"17":{"start":{"line":86,"column":12},"end":{"line":91,"column":null}},"18":{"start":{"line":97,"column":26},"end":{"line":97,"column":null}},"19":{"start":{"line":99,"column":8},"end":{"line":106,"column":null}},"20":{"start":{"line":100,"column":12},"end":{"line":105,"column":null}},"21":{"start":{"line":108,"column":8},"end":{"line":139,"column":null}},"22":{"start":{"line":109,"column":25},"end":{"line":109,"column":null}},"23":{"start":{"line":110,"column":12},"end":{"line":115,"column":null}},"24":{"start":{"line":117,"column":12},"end":{"line":124,"column":null}},"25":{"start":{"line":118,"column":16},"end":{"line":123,"column":null}},"26":{"start":{"line":125,"column":12},"end":{"line":132,"column":null}},"27":{"start":{"line":126,"column":16},"end":{"line":131,"column":null}},"28":{"start":{"line":133,"column":12},"end":{"line":138,"column":null}},"29":{"start":{"line":144,"column":8},"end":{"line":159,"column":null}},"30":{"start":{"line":145,"column":12},"end":{"line":145,"column":null}},"31":{"start":{"line":146,"column":12},"end":{"line":151,"column":null}},"32":{"start":{"line":153,"column":12},"end":{"line":158,"column":null}}},"fnMap":{"0":{"name":"(anonymous_0)","decl":{"start":{"line":19,"column":9},"end":{"line":19,"column":16}},"loc":{"start":{"line":19,"column":52},"end":{"line":46,"column":null}},"line":19},"1":{"name":"(anonymous_1)","decl":{"start":{"line":49,"column":12},"end":{"line":49,"column":19}},"loc":{"start":{"line":49,"column":55},"end":{"line":93,"column":null}},"line":49},"2":{"name":"(anonymous_2)","decl":{"start":{"line":96,"column":23},"end":{"line":96,"column":30}},"loc":{"start":{"line":96,"column":62},"end":{"line":140,"column":null}},"line":96},"3":{"name":"(anonymous_3)","decl":{"start":{"line":143,"column":12},"end":{"line":143,"column":19}},"loc":{"start":{"line":143,"column":55},"end":{"line":160,"column":null}},"line":143}},"branchMap":{"0":{"loc":{"start":{"line":31,"column":12},"end":{"line":38,"column":null}},"type":"if","locations":[{"start":{"line":31,"column":12},"end":{"line":38,"column":null}},{"start":{},"end":{}}],"line":31},"1":{"loc":{"start":{"line":31,"column":16},"end":{"line":31,"column":78}},"type":"binary-expr","locations":[{"start":{"line":31,"column":16},"end":{"line":31,"column":42}},{"start":{"line":31,"column":42},"end":{"line":31,"column":78}}],"line":31},"2":{"loc":{"start":{"line":51,"column":8},"end":{"line":58,"column":null}},"type":"if","locations":[{"start":{"line":51,"column":8},"end":{"line":58,"column":null}},{"start":{},"end":{}}],"line":51},"3":{"loc":{"start":{"line":68,"column":25},"end":{"line":70,"column":null}},"type":"cond-expr","locations":[{"start":{"line":69,"column":22},"end":{"line":69,"column":null}},{"start":{"line":70,"column":22},"end":{"line":70,"column":null}}],"line":68},"4":{"loc":{"start":{"line":78,"column":12},"end":{"line":85,"column":null}},"type":"if","locations":[{"start":{"line":78,"column":12},"end":{"line":85,"column":null}},{"start":{},"end":{}}],"line":78},"5":{"loc":{"start":{"line":99,"column":8},"end":{"line":106,"column":null}},"type":"if","locations":[{"start":{"line":99,"column":8},"end":{"line":106,"column":null}},{"start":{},"end":{}}],"line":99},"6":{"loc":{"start":{"line":117,"column":12},"end":{"line":124,"column":null}},"type":"if","locations":[{"start":{"line":117,"column":12},"end":{"line":124,"column":null}},{"start":{},"end":{}}],"line":117},"7":{"loc":{"start":{"line":125,"column":12},"end":{"line":132,"column":null}},"type":"if","locations":[{"start":{"line":125,"column":12},"end":{"line":132,"column":null}},{"start":{},"end":{}}],"line":125}},"s":{"0":5,"1":5,"2":1,"3":1,"4":1,"5":0,"6":0,"7":0,"8":1,"9":1,"10":0,"11":1,"12":1,"13":1,"14":1,"15":0,"16":0,"17":0,"18":0,"19":0,"20":0,"21":0,"22":0,"23":0,"24":0,"25":0,"26":0,"27":0,"28":0,"29":0,"30":0,"31":0,"32":0},"f":{"0":1,"1":1,"2":0,"3":0},"b":{"0":[0,0],"1":[0,0],"2":[0,1],"3":[0,1],"4":[0,0],"5":[0,0],"6":[0,0],"7":[0,0]},"meta":{"lastBranch":8,"lastFunction":4,"lastStatement":33,"seen":{"s:9:28:15:Infinity":0,"s:17:28:161:Infinity":1,"f:19:9:19:16":0,"s:20:8:45:Infinity":2,"s:21:25:21:Infinity":3,"s:22:12:29:Infinity":4,"b:31:12:38:Infinity:undefined:undefined:undefined:undefined":0,"s:31:12:38:Infinity":5,"b:31:16:31:42:31:42:31:78":1,"s:32:16:37:Infinity":6,"s:39:12:44:Infinity":7,"f:49:12:49:19":1,"s:50:23:50:Infinity":8,"b:51:8:58:Infinity:undefined:undefined:undefined:undefined":2,"s:51:8:58:Infinity":9,"s:52:12:57:Infinity":10,"s:60:8:92:Infinity":11,"s:61:27:61:Infinity":12,"s:64:51:64:Infinity":13,"s:66:12:76:Infinity":14,"b:69:22:69:Infinity:70:22:70:Infinity":3,"b:78:12:85:Infinity:undefined:undefined:undefined:undefined":4,"s:78:12:85:Infinity":15,"s:79:16:84:Infinity":16,"s:86:12:91:Infinity":17,"f:96:23:96:30":2,"s:97:26:97:Infinity":18,"b:99:8:106:Infinity:undefined:undefined:undefined:undefined":5,"s:99:8:106:Infinity":19,"s:100:12:105:Infinity":20,"s:108:8:139:Infinity":21,"s:109:25:109:Infinity":22,"s:110:12:115:Infinity":23,"b:117:12:124:Infinity:undefined:undefined:undefined:undefined":6,"s:117:12:124:Infinity":24,"s:118:16:123:Infinity":25,"b:125:12:132:Infinity:undefined:undefined:undefined:undefined":7,"s:125:12:132:Infinity":26,"s:126:16:131:Infinity":27,"s:133:12:138:Infinity":28,"f:143:12:143:19":3,"s:144:8:159:Infinity":29,"s:145:12:145:Infinity":30,"s:146:12:151:Infinity":31,"s:153:12:158:Infinity":32}}}
,"/Users/anhduc/Developer/point_of_interest_api/src/controllers/auth/RefreshTokenController.ts": {"path":"/Users/anhduc/Developer/point_of_interest_api/src/controllers/auth/RefreshTokenController.ts","statementMap":{"0":{"start":{"line":5,"column":4},"end":{"line":54,"column":null}},"1":{"start":{"line":6,"column":29},"end":{"line":6,"column":null}},"2":{"start":{"line":8,"column":8},"end":{"line":15,"column":null}},"3":{"start":{"line":9,"column":12},"end":{"line":14,"column":null}},"4":{"start":{"line":17,"column":23},"end":{"line":17,"column":null}},"5":{"start":{"line":19,"column":29},"end":{"line":19,"column":null}},"6":{"start":{"line":21,"column":8},"end":{"line":27,"column":null}},"7":{"start":{"line":29,"column":8},"end":{"line":36,"column":null}},"8":{"start":{"line":39,"column":8},"end":{"line":46,"column":null}},"9":{"start":{"line":40,"column":12},"end":{"line":45,"column":null}},"10":{"start":{"line":48,"column":8},"end":{"line":53,"column":null}}},"fnMap":{"0":{"name":"RefreshTokenController","decl":{"start":{"line":4,"column":30},"end":{"line":4,"column":53}},"loc":{"start":{"line":4,"column":82},"end":{"line":55,"column":null}},"line":4}},"branchMap":{"0":{"loc":{"start":{"line":8,"column":8},"end":{"line":15,"column":null}},"type":"if","locations":[{"start":{"line":8,"column":8},"end":{"line":15,"column":null}},{"start":{},"end":{}}],"line":8},"1":{"loc":{"start":{"line":24,"column":22},"end":{"line":24,"column":null}},"type":"cond-expr","locations":[{"start":{"line":24,"column":37},"end":{"line":24,"column":48}},{"start":{"line":24,"column":48},"end":{"line":24,"column":null}}],"line":24},"2":{"loc":{"start":{"line":39,"column":8},"end":{"line":46,"column":null}},"type":"if","locations":[{"start":{"line":39,"column":8},"end":{"line":46,"column":null}},{"start":{},"end":{}}],"line":39}},"s":{"0":0,"1":0,"2":0,"3":0,"4":0,"5":0,"6":0,"7":0,"8":0,"9":0,"10":0},"f":{"0":0},"b":{"0":[0,0],"1":[0,0],"2":[0,0]},"meta":{"lastBranch":3,"lastFunction":1,"lastStatement":11,"seen":{"f:4:30:4:53":0,"s:5:4:54:Infinity":0,"s:6:29:6:Infinity":1,"b:8:8:15:Infinity:undefined:undefined:undefined:undefined":0,"s:8:8:15:Infinity":2,"s:9:12:14:Infinity":3,"s:17:23:17:Infinity":4,"s:19:29:19:Infinity":5,"s:21:8:27:Infinity":6,"b:24:37:24:48:24:48:24:Infinity":1,"s:29:8:36:Infinity":7,"b:39:8:46:Infinity:undefined:undefined:undefined:undefined":2,"s:39:8:46:Infinity":8,"s:40:12:45:Infinity":9,"s:48:8:53:Infinity":10}}}
,"/Users/anhduc/Developer/point_of_interest_api/src/controllers/auth/RegisterController.ts": {"path":"/Users/anhduc/Developer/point_of_interest_api/src/controllers/auth/RegisterController.ts","statementMap":{"0":{"start":{"line":5,"column":23},"end":{"line":16,"column":null}},"1":{"start":{"line":19,"column":4},"end":{"line":57,"column":null}},"2":{"start":{"line":20,"column":23},"end":{"line":20,"column":null}},"3":{"start":{"line":22,"column":8},"end":{"line":29,"column":null}},"4":{"start":{"line":23,"column":12},"end":{"line":28,"column":null}},"5":{"start":{"line":31,"column":21},"end":{"line":31,"column":null}},"6":{"start":{"line":33,"column":8},"end":{"line":40,"column":null}},"7":{"start":{"line":42,"column":8},"end":{"line":49,"column":null}},"8":{"start":{"line":43,"column":12},"end":{"line":48,"column":null}},"9":{"start":{"line":51,"column":8},"end":{"line":56,"column":null}}},"fnMap":{"0":{"name":"RegisterController","decl":{"start":{"line":18,"column":30},"end":{"line":18,"column":49}},"loc":{"start":{"line":18,"column":78},"end":{"line":58,"column":null}},"line":18}},"branchMap":{"0":{"loc":{"start":{"line":22,"column":8},"end":{"line":29,"column":null}},"type":"if","locations":[{"start":{"line":22,"column":8},"end":{"line":29,"column":null}},{"start":{},"end":{}}],"line":22},"1":{"loc":{"start":{"line":42,"column":8},"end":{"line":49,"column":null}},"type":"if","locations":[{"start":{"line":42,"column":8},"end":{"line":49,"column":null}},{"start":{},"end":{}}],"line":42},"2":{"loc":{"start":{"line":53,"column":21},"end":{"line":53,"column":null}},"type":"binary-expr","locations":[{"start":{"line":53,"column":21},"end":{"line":53,"column":38}},{"start":{"line":53,"column":38},"end":{"line":53,"column":null}}],"line":53},"3":{"loc":{"start":{"line":55,"column":32},"end":{"line":55,"column":72}},"type":"binary-expr","locations":[{"start":{"line":55,"column":32},"end":{"line":55,"column":49}},{"start":{"line":55,"column":49},"end":{"line":55,"column":72}}],"line":55}},"s":{"0":5,"1":2,"2":2,"3":2,"4":0,"5":2,"6":1,"7":1,"8":1,"9":0},"f":{"0":2},"b":{"0":[0,2],"1":[1,0],"2":[0,0],"3":[1,0]},"meta":{"lastBranch":4,"lastFunction":1,"lastStatement":10,"seen":{"s:5:23:16:Infinity":0,"f:18:30:18:49":0,"s:19:4:57:Infinity":1,"s:20:23:20:Infinity":2,"b:22:8:29:Infinity:undefined:undefined:undefined:undefined":0,"s:22:8:29:Infinity":3,"s:23:12:28:Infinity":4,"s:31:21:31:Infinity":5,"s:33:8:40:Infinity":6,"b:42:8:49:Infinity:undefined:undefined:undefined:undefined":1,"s:42:8:49:Infinity":7,"s:43:12:48:Infinity":8,"s:51:8:56:Infinity":9,"b:53:21:53:38:53:38:53:Infinity":2,"b:55:32:55:49:55:49:55:72":3}}}
,"/Users/anhduc/Developer/point_of_interest_api/src/controllers/auth/ResetPasswordController.ts": {"path":"/Users/anhduc/Developer/point_of_interest_api/src/controllers/auth/ResetPasswordController.ts","statementMap":{"0":{"start":{"line":5,"column":28},"end":{"line":14,"column":null}},"1":{"start":{"line":17,"column":4},"end":{"line":56,"column":null}},"2":{"start":{"line":18,"column":23},"end":{"line":18,"column":null}},"3":{"start":{"line":20,"column":8},"end":{"line":27,"column":null}},"4":{"start":{"line":21,"column":12},"end":{"line":26,"column":null}},"5":{"start":{"line":29,"column":8},"end":{"line":32,"column":null}},"6":{"start":{"line":34,"column":8},"end":{"line":39,"column":null}},"7":{"start":{"line":41,"column":8},"end":{"line":48,"column":null}},"8":{"start":{"line":42,"column":12},"end":{"line":47,"column":null}},"9":{"start":{"line":50,"column":8},"end":{"line":55,"column":null}}},"fnMap":{"0":{"name":"ResetPasswordController","decl":{"start":{"line":16,"column":30},"end":{"line":16,"column":54}},"loc":{"start":{"line":16,"column":83},"end":{"line":57,"column":null}},"line":16}},"branchMap":{"0":{"loc":{"start":{"line":20,"column":8},"end":{"line":27,"column":null}},"type":"if","locations":[{"start":{"line":20,"column":8},"end":{"line":27,"column":null}},{"start":{},"end":{}}],"line":20},"1":{"loc":{"start":{"line":41,"column":8},"end":{"line":48,"column":null}},"type":"if","locations":[{"start":{"line":41,"column":8},"end":{"line":48,"column":null}},{"start":{},"end":{}}],"line":41}},"s":{"0":5,"1":0,"2":0,"3":0,"4":0,"5":0,"6":0,"7":0,"8":0,"9":0},"f":{"0":0},"b":{"0":[0,0],"1":[0,0]},"meta":{"lastBranch":2,"lastFunction":1,"lastStatement":10,"seen":{"s:5:28:14:Infinity":0,"f:16:30:16:54":0,"s:17:4:56:Infinity":1,"s:18:23:18:Infinity":2,"b:20:8:27:Infinity:undefined:undefined:undefined:undefined":0,"s:20:8:27:Infinity":3,"s:21:12:26:Infinity":4,"s:29:8:32:Infinity":5,"s:34:8:39:Infinity":6,"b:41:8:48:Infinity:undefined:undefined:undefined:undefined":1,"s:41:8:48:Infinity":7,"s:42:12:47:Infinity":8,"s:50:8:55:Infinity":9}}}
,"/Users/anhduc/Developer/point_of_interest_api/src/controllers/auth/VerifyEmailController.ts": {"path":"/Users/anhduc/Developer/point_of_interest_api/src/controllers/auth/VerifyEmailController.ts","statementMap":{"0":{"start":{"line":5,"column":4},"end":{"line":59,"column":null}},"1":{"start":{"line":6,"column":26},"end":{"line":6,"column":null}},"2":{"start":{"line":8,"column":8},"end":{"line":15,"column":null}},"3":{"start":{"line":9,"column":12},"end":{"line":14,"column":null}},"4":{"start":{"line":17,"column":8},"end":{"line":17,"column":null}},"5":{"start":{"line":19,"column":8},"end":{"line":24,"column":null}},"6":{"start":{"line":27,"column":20},"end":{"line":27,"column":null}},"7":{"start":{"line":29,"column":8},"end":{"line":35,"column":null}},"8":{"start":{"line":30,"column":12},"end":{"line":35,"column":null}},"9":{"start":{"line":37,"column":8},"end":{"line":43,"column":null}},"10":{"start":{"line":38,"column":12},"end":{"line":43,"column":null}},"11":{"start":{"line":45,"column":8},"end":{"line":51,"column":null}},"12":{"start":{"line":46,"column":12},"end":{"line":51,"column":null}},"13":{"start":{"line":53,"column":8},"end":{"line":58,"column":null}}},"fnMap":{"0":{"name":"VerifyEmailController","decl":{"start":{"line":4,"column":30},"end":{"line":4,"column":52}},"loc":{"start":{"line":4,"column":81},"end":{"line":60,"column":null}},"line":4}},"branchMap":{"0":{"loc":{"start":{"line":8,"column":8},"end":{"line":15,"column":null}},"type":"if","locations":[{"start":{"line":8,"column":8},"end":{"line":15,"column":null}},{"start":{},"end":{}}],"line":8},"1":{"loc":{"start":{"line":29,"column":8},"end":{"line":35,"column":null}},"type":"if","locations":[{"start":{"line":29,"column":8},"end":{"line":35,"column":null}},{"start":{},"end":{}}],"line":29},"2":{"loc":{"start":{"line":37,"column":8},"end":{"line":43,"column":null}},"type":"if","locations":[{"start":{"line":37,"column":8},"end":{"line":43,"column":null}},{"start":{},"end":{}}],"line":37},"3":{"loc":{"start":{"line":45,"column":8},"end":{"line":51,"column":null}},"type":"if","locations":[{"start":{"line":45,"column":8},"end":{"line":51,"column":null}},{"start":{},"end":{}}],"line":45}},"s":{"0":0,"1":0,"2":0,"3":0,"4":0,"5":0,"6":0,"7":0,"8":0,"9":0,"10":0,"11":0,"12":0,"13":0},"f":{"0":0},"b":{"0":[0,0],"1":[0,0],"2":[0,0],"3":[0,0]},"meta":{"lastBranch":4,"lastFunction":1,"lastStatement":14,"seen":{"f:4:30:4:52":0,"s:5:4:59:Infinity":0,"s:6:26:6:Infinity":1,"b:8:8:15:Infinity:undefined:undefined:undefined:undefined":0,"s:8:8:15:Infinity":2,"s:9:12:14:Infinity":3,"s:17:8:17:Infinity":4,"s:19:8:24:Infinity":5,"s:27:20:27:Infinity":6,"b:29:8:35:Infinity:undefined:undefined:undefined:undefined":1,"s:29:8:35:Infinity":7,"s:30:12:35:Infinity":8,"b:37:8:43:Infinity:undefined:undefined:undefined:undefined":2,"s:37:8:43:Infinity":9,"s:38:12:43:Infinity":10,"b:45:8:51:Infinity:undefined:undefined:undefined:undefined":3,"s:45:8:51:Infinity":11,"s:46:12:51:Infinity":12,"s:53:8:58:Infinity":13}}}
,"/Users/anhduc/Developer/point_of_interest_api/src/generated/prisma/client.ts": {"path":"/Users/anhduc/Developer/point_of_interest_api/src/generated/prisma/client.ts","statementMap":{"0":{"start":{"line":36,"column":28},"end":{"line":36,"column":null}},"1":{"start":{"line":42,"column":0},"end":{"line":42,"column":null}},"2":{"start":{"line":43,"column":0},"end":{"line":43,"column":null}}},"fnMap":{},"branchMap":{},"s":{"0":5,"1":5,"2":5},"f":{},"b":{},"meta":{"lastBranch":0,"lastFunction":0,"lastStatement":3,"seen":{"s:36:28:36:Infinity":0,"s:42:0:42:Infinity":1,"s:43:0:43:Infinity":2}}}
,"/Users/anhduc/Developer/point_of_interest_api/src/generated/prisma/enums.ts": {"path":"/Users/anhduc/Developer/point_of_interest_api/src/generated/prisma/enums.ts","statementMap":{},"fnMap":{},"branchMap":{},"s":{},"f":{},"b":{},"meta":{"lastBranch":0,"lastFunction":0,"lastStatement":0,"seen":{}}}
,"/Users/anhduc/Developer/point_of_interest_api/src/generated/prisma/internal/class.ts": {"path":"/Users/anhduc/Developer/point_of_interest_api/src/generated/prisma/internal/class.ts","statementMap":{"0":{"start":{"line":18,"column":46},"end":{"line":68,"column":null}},"1":{"start":{"line":70,"column":0},"end":{"line":70,"column":null}},"2":{"start":{"line":71,"column":0},"end":{"line":71,"column":null}},"3":{"start":{"line":72,"column":0},"end":{"line":72,"column":null}},"4":{"start":{"line":244,"column":2},"end":{"line":244,"column":null}},"5":{"start":{"line":245,"column":2},"end":{"line":245,"column":null}}},"fnMap":{"0":{"name":"getPrismaClientClass","decl":{"start":{"line":243,"column":16},"end":{"line":243,"column":37}},"loc":{"start":{"line":243,"column":79},"end":{"line":246,"column":null}},"line":243}},"branchMap":{},"s":{"0":5,"1":5,"2":5,"3":5,"4":5,"5":5},"f":{"0":5},"b":{},"meta":{"lastBranch":0,"lastFunction":1,"lastStatement":6,"seen":{"s:18:46:68:Infinity":0,"s:70:0:70:Infinity":1,"s:71:0:71:Infinity":2,"s:72:0:72:Infinity":3,"f:243:16:243:37":0,"s:244:2:244:Infinity":4,"s:245:2:245:Infinity":5}}}
,"/Users/anhduc/Developer/point_of_interest_api/src/generated/prisma/internal/prismaNamespace.ts": {"path":"/Users/anhduc/Developer/point_of_interest_api/src/generated/prisma/internal/prismaNamespace.ts","statementMap":{"0":{"start":{"line":32,"column":45},"end":{"line":32,"column":null}},"1":{"start":{"line":35,"column":47},"end":{"line":35,"column":null}},"2":{"start":{"line":38,"column":42},"end":{"line":38,"column":null}},"3":{"start":{"line":41,"column":47},"end":{"line":41,"column":null}},"4":{"start":{"line":44,"column":43},"end":{"line":44,"column":null}},"5":{"start":{"line":50,"column":19},"end":{"line":50,"column":null}},"6":{"start":{"line":51,"column":21},"end":{"line":51,"column":null}},"7":{"start":{"line":52,"column":20},"end":{"line":52,"column":null}},"8":{"start":{"line":53,"column":19},"end":{"line":53,"column":null}},"9":{"start":{"line":54,"column":19},"end":{"line":54,"column":null}},"10":{"start":{"line":62,"column":23},"end":{"line":62,"column":null}},"11":{"start":{"line":79,"column":35},"end":{"line":79,"column":null}},"12":{"start":{"line":94,"column":44},"end":{"line":97,"column":null}},"13":{"start":{"line":112,"column":25},"end":{"line":116,"column":null}},"14":{"start":{"line":122,"column":22},"end":{"line":122,"column":null}},"15":{"start":{"line":128,"column":24},"end":{"line":128,"column":null}},"16":{"start":{"line":134,"column":23},"end":{"line":134,"column":null}},"17":{"start":{"line":392,"column":25},"end":{"line":400,"column":null}},"18":{"start":{"line":954,"column":35},"end":{"line":963,"column":null}},"19":{"start":{"line":968,"column":38},"end":{"line":977,"column":null}},"20":{"start":{"line":982,"column":43},"end":{"line":990,"column":null}},"21":{"start":{"line":995,"column":44},"end":{"line":1000,"column":null}},"22":{"start":{"line":1005,"column":39},"end":{"line":1012,"column":null}},"23":{"start":{"line":1017,"column":40},"end":{"line":1035,"column":null}},"24":{"start":{"line":1040,"column":37},"end":{"line":1049,"column":null}},"25":{"start":{"line":1054,"column":25},"end":{"line":1057,"column":null}},"26":{"start":{"line":1062,"column":25},"end":{"line":1065,"column":null}},"27":{"start":{"line":1153,"column":31},"end":{"line":1153,"column":null}}},"fnMap":{},"branchMap":{},"s":{"0":5,"1":5,"2":5,"3":5,"4":5,"5":5,"6":5,"7":5,"8":5,"9":5,"10":5,"11":5,"12":5,"13":5,"14":5,"15":5,"16":5,"17":5,"18":5,"19":5,"20":5,"21":5,"22":5,"23":5,"24":5,"25":5,"26":5,"27":5},"f":{},"b":{},"meta":{"lastBranch":0,"lastFunction":0,"lastStatement":28,"seen":{"s:32:45:32:Infinity":0,"s:35:47:35:Infinity":1,"s:38:42:38:Infinity":2,"s:41:47:41:Infinity":3,"s:44:43:44:Infinity":4,"s:50:19:50:Infinity":5,"s:51:21:51:Infinity":6,"s:52:20:52:Infinity":7,"s:53:19:53:Infinity":8,"s:54:19:54:Infinity":9,"s:62:23:62:Infinity":10,"s:79:35:79:Infinity":11,"s:94:44:97:Infinity":12,"s:112:25:116:Infinity":13,"s:122:22:122:Infinity":14,"s:128:24:128:Infinity":15,"s:134:23:134:Infinity":16,"s:392:25:400:Infinity":17,"s:954:35:963:Infinity":18,"s:968:38:977:Infinity":19,"s:982:43:990:Infinity":20,"s:995:44:1000:Infinity":21,"s:1005:39:1012:Infinity":22,"s:1017:40:1035:Infinity":23,"s:1040:37:1049:Infinity":24,"s:1054:25:1057:Infinity":25,"s:1062:25:1065:Infinity":26,"s:1153:31:1153:Infinity":27}}}
,"/Users/anhduc/Developer/point_of_interest_api/src/lib/container.ts": {"path":"/Users/anhduc/Developer/point_of_interest_api/src/lib/container.ts","statementMap":{"0":{"start":{"line":20,"column":4},"end":{"line":20,"column":null}},"1":{"start":{"line":22,"column":4},"end":{"line":22,"column":null}},"2":{"start":{"line":23,"column":4},"end":{"line":23,"column":null}},"3":{"start":{"line":24,"column":4},"end":{"line":24,"column":null}},"4":{"start":{"line":25,"column":4},"end":{"line":25,"column":null}},"5":{"start":{"line":26,"column":4},"end":{"line":26,"column":null}},"6":{"start":{"line":27,"column":4},"end":{"line":27,"column":null}},"7":{"start":{"line":28,"column":4},"end":{"line":28,"column":null}},"8":{"start":{"line":29,"column":4},"end":{"line":29,"column":null}},"9":{"start":{"line":30,"column":4},"end":{"line":30,"column":null}},"10":{"start":{"line":31,"column":4},"end":{"line":31,"column":null}},"11":{"start":{"line":32,"column":4},"end":{"line":32,"column":null}},"12":{"start":{"line":33,"column":4},"end":{"line":33,"column":null}},"13":{"start":{"line":34,"column":4},"end":{"line":34,"column":null}},"14":{"start":{"line":35,"column":4},"end":{"line":35,"column":null}},"15":{"start":{"line":36,"column":4},"end":{"line":36,"column":null}},"16":{"start":{"line":39,"column":25},"end":{"line":39,"column":null}}},"fnMap":{"0":{"name":"(anonymous_0)","decl":{"start":{"line":19,"column":0},"end":{"line":19,"column":6}},"loc":{"start":{"line":19,"column":0},"end":{"line":36,"column":null}},"line":19}},"branchMap":{},"s":{"0":5,"1":5,"2":5,"3":5,"4":5,"5":5,"6":5,"7":5,"8":5,"9":5,"10":5,"11":5,"12":5,"13":5,"14":5,"15":5,"16":5},"f":{"0":5},"b":{},"meta":{"lastBranch":0,"lastFunction":1,"lastStatement":17,"seen":{"f:19:0:19:6":0,"s:20:4:20:Infinity":0,"s:22:4:22:Infinity":1,"s:23:4:23:Infinity":2,"s:24:4:24:Infinity":3,"s:25:4:25:Infinity":4,"s:26:4:26:Infinity":5,"s:27:4:27:Infinity":6,"s:28:4:28:Infinity":7,"s:29:4:29:Infinity":8,"s:30:4:30:Infinity":9,"s:31:4:31:Infinity":10,"s:32:4:32:Infinity":11,"s:33:4:33:Infinity":12,"s:34:4:34:Infinity":13,"s:35:4:35:Infinity":14,"s:36:4:36:Infinity":15,"s:39:25:39:Infinity":16}}}
,"/Users/anhduc/Developer/point_of_interest_api/src/lib/jwt.ts": {"path":"/Users/anhduc/Developer/point_of_interest_api/src/lib/jwt.ts","statementMap":{"0":{"start":{"line":4,"column":21},"end":{"line":4,"column":null}},"1":{"start":{"line":5,"column":22},"end":{"line":5,"column":null}},"2":{"start":{"line":7,"column":23},"end":{"line":7,"column":null}},"3":{"start":{"line":8,"column":24},"end":{"line":8,"column":null}},"4":{"start":{"line":17,"column":4},"end":{"line":26,"column":null}},"5":{"start":{"line":30,"column":4},"end":{"line":30,"column":null}},"6":{"start":{"line":34,"column":4},"end":{"line":34,"column":null}},"7":{"start":{"line":38,"column":4},"end":{"line":38,"column":null}},"8":{"start":{"line":42,"column":33},"end":{"line":44,"column":null}},"9":{"start":{"line":46,"column":4},"end":{"line":51,"column":null}},"10":{"start":{"line":55,"column":33},"end":{"line":57,"column":null}},"11":{"start":{"line":59,"column":4},"end":{"line":59,"column":null}}},"fnMap":{"0":{"name":"generateAccessToken","decl":{"start":{"line":16,"column":16},"end":{"line":16,"column":36}},"loc":{"start":{"line":16,"column":73},"end":{"line":27,"column":null}},"line":16},"1":{"name":"generateRefreshToken","decl":{"start":{"line":29,"column":16},"end":{"line":29,"column":37}},"loc":{"start":{"line":29,"column":51},"end":{"line":31,"column":null}},"line":29},"2":{"name":"passwordToken","decl":{"start":{"line":33,"column":16},"end":{"line":33,"column":30}},"loc":{"start":{"line":33,"column":74},"end":{"line":35,"column":null}},"line":33},"3":{"name":"emailChangeToken","decl":{"start":{"line":37,"column":16},"end":{"line":37,"column":33}},"loc":{"start":{"line":37,"column":80},"end":{"line":39,"column":null}},"line":37},"4":{"name":"refreshAccessToken","decl":{"start":{"line":41,"column":16},"end":{"line":41,"column":35}},"loc":{"start":{"line":41,"column":56},"end":{"line":52,"column":null}},"line":41},"5":{"name":"refreshRefreshToken","decl":{"start":{"line":54,"column":16},"end":{"line":54,"column":36}},"loc":{"start":{"line":54,"column":57},"end":{"line":60,"column":null}},"line":54}},"branchMap":{"0":{"loc":{"start":{"line":7,"column":23},"end":{"line":7,"column":null}},"type":"binary-expr","locations":[{"start":{"line":7,"column":23},"end":{"line":7,"column":60}},{"start":{"line":7,"column":60},"end":{"line":7,"column":null}}],"line":7},"1":{"loc":{"start":{"line":8,"column":24},"end":{"line":8,"column":null}},"type":"binary-expr","locations":[{"start":{"line":8,"column":24},"end":{"line":8,"column":62}},{"start":{"line":8,"column":62},"end":{"line":8,"column":null}}],"line":8},"2":{"loc":{"start":{"line":43,"column":20},"end":{"line":43,"column":null}},"type":"binary-expr","locations":[{"start":{"line":43,"column":20},"end":{"line":43,"column":65}},{"start":{"line":43,"column":65},"end":{"line":43,"column":null}}],"line":43},"3":{"loc":{"start":{"line":56,"column":20},"end":{"line":56,"column":null}},"type":"binary-expr","locations":[{"start":{"line":56,"column":20},"end":{"line":56,"column":67}},{"start":{"line":56,"column":67},"end":{"line":56,"column":null}}],"line":56}},"s":{"0":5,"1":5,"2":5,"3":5,"4":2,"5":2,"6":0,"7":0,"8":0,"9":0,"10":0,"11":0},"f":{"0":2,"1":2,"2":0,"3":0,"4":0,"5":0},"b":{"0":[5,0],"1":[5,0],"2":[0,0],"3":[0,0]},"meta":{"lastBranch":4,"lastFunction":6,"lastStatement":12,"seen":{"s:4:21:4:Infinity":0,"s:5:22:5:Infinity":1,"s:7:23:7:Infinity":2,"b:7:23:7:60:7:60:7:Infinity":0,"s:8:24:8:Infinity":3,"b:8:24:8:62:8:62:8:Infinity":1,"f:16:16:16:36":0,"s:17:4:26:Infinity":4,"f:29:16:29:37":1,"s:30:4:30:Infinity":5,"f:33:16:33:30":2,"s:34:4:34:Infinity":6,"f:37:16:37:33":3,"s:38:4:38:Infinity":7,"f:41:16:41:35":4,"s:42:33:44:Infinity":8,"b:43:20:43:65:43:65:43:Infinity":2,"s:46:4:51:Infinity":9,"f:54:16:54:36":5,"s:55:33:57:Infinity":10,"b:56:20:56:67:56:67:56:Infinity":3,"s:59:4:59:Infinity":11}}}
,"/Users/anhduc/Developer/point_of_interest_api/src/lib/mailer.ts": {"path":"/Users/anhduc/Developer/point_of_interest_api/src/lib/mailer.ts","statementMap":{"0":{"start":{"line":3,"column":22},"end":{"line":13,"column":null}},"1":{"start":{"line":16,"column":4},"end":{"line":21,"column":null}}},"fnMap":{"0":{"name":"sendMail","decl":{"start":{"line":15,"column":22},"end":{"line":15,"column":31}},"loc":{"start":{"line":15,"column":74},"end":{"line":22,"column":null}},"line":15}},"branchMap":{"0":{"loc":{"start":{"line":4,"column":10},"end":{"line":4,"column":null}},"type":"binary-expr","locations":[{"start":{"line":4,"column":10},"end":{"line":4,"column":35}},{"start":{"line":4,"column":35},"end":{"line":4,"column":null}}],"line":4},"1":{"loc":{"start":{"line":5,"column":10},"end":{"line":5,"column":null}},"type":"binary-expr","locations":[{"start":{"line":5,"column":10},"end":{"line":5,"column":43}},{"start":{"line":5,"column":43},"end":{"line":5,"column":null}}],"line":5},"2":{"loc":{"start":{"line":7,"column":10},"end":{"line":12,"column":null}},"type":"cond-expr","locations":[{"start":{"line":8,"column":10},"end":{"line":11,"column":null}},{"start":{"line":12,"column":10},"end":{"line":12,"column":null}}],"line":7},"3":{"loc":{"start":{"line":17,"column":14},"end":{"line":17,"column":null}},"type":"binary-expr","locations":[{"start":{"line":17,"column":14},"end":{"line":17,"column":39}},{"start":{"line":17,"column":39},"end":{"line":17,"column":null}}],"line":17}},"s":{"0":5,"1":1},"f":{"0":1},"b":{"0":[5,0],"1":[5,0],"2":[0,5],"3":[1,0]},"meta":{"lastBranch":4,"lastFunction":1,"lastStatement":2,"seen":{"s:3:22:13:Infinity":0,"b:4:10:4:35:4:35:4:Infinity":0,"b:5:10:5:43:5:43:5:Infinity":1,"b:8:10:11:Infinity:12:10:12:Infinity":2,"f:15:22:15:31":0,"s:16:4:21:Infinity":1,"b:17:14:17:39:17:39:17:Infinity":3}}}
,"/Users/anhduc/Developer/point_of_interest_api/src/middleware/authMiddleware.ts": {"path":"/Users/anhduc/Developer/point_of_interest_api/src/middleware/authMiddleware.ts","statementMap":{"0":{"start":{"line":9,"column":15},"end":{"line":9,"column":null}},"1":{"start":{"line":16,"column":23},"end":{"line":16,"column":null}},"2":{"start":{"line":18,"column":4},"end":{"line":20,"column":null}},"3":{"start":{"line":19,"column":8},"end":{"line":19,"column":null}},"4":{"start":{"line":22,"column":18},"end":{"line":22,"column":null}},"5":{"start":{"line":24,"column":4},"end":{"line":57,"column":null}},"6":{"start":{"line":26,"column":29},"end":{"line":29,"column":null}},"7":{"start":{"line":32,"column":8},"end":{"line":42,"column":null}},"8":{"start":{"line":33,"column":32},"end":{"line":37,"column":null}},"9":{"start":{"line":39,"column":12},"end":{"line":41,"column":null}},"10":{"start":{"line":40,"column":16},"end":{"line":40,"column":null}},"11":{"start":{"line":45,"column":8},"end":{"line":49,"column":null}},"12":{"start":{"line":46,"column":25},"end":{"line":46,"column":null}},"13":{"start":{"line":47,"column":12},"end":{"line":47,"column":null}},"14":{"start":{"line":47,"column":23},"end":{"line":47,"column":null}},"15":{"start":{"line":48,"column":12},"end":{"line":48,"column":null}},"16":{"start":{"line":52,"column":8},"end":{"line":52,"column":null}},"17":{"start":{"line":53,"column":8},"end":{"line":53,"column":null}},"18":{"start":{"line":56,"column":8},"end":{"line":56,"column":null}},"19":{"start":{"line":65,"column":23},"end":{"line":65,"column":null}},"20":{"start":{"line":67,"column":4},"end":{"line":69,"column":null}},"21":{"start":{"line":68,"column":8},"end":{"line":68,"column":null}},"22":{"start":{"line":71,"column":18},"end":{"line":71,"column":null}},"23":{"start":{"line":73,"column":4},"end":{"line":105,"column":null}},"24":{"start":{"line":74,"column":29},"end":{"line":77,"column":null}},"25":{"start":{"line":79,"column":8},"end":{"line":89,"column":null}},"26":{"start":{"line":80,"column":32},"end":{"line":84,"column":null}},"27":{"start":{"line":86,"column":12},"end":{"line":88,"column":null}},"28":{"start":{"line":87,"column":16},"end":{"line":87,"column":null}},"29":{"start":{"line":91,"column":8},"end":{"line":98,"column":null}},"30":{"start":{"line":92,"column":25},"end":{"line":92,"column":null}},"31":{"start":{"line":93,"column":12},"end":{"line":97,"column":null}},"32":{"start":{"line":94,"column":16},"end":{"line":94,"column":null}},"33":{"start":{"line":96,"column":16},"end":{"line":96,"column":null}},"34":{"s
[...]
,"/Users/anhduc/Developer/point_of_interest_api/src/services/auth/LogoutService.ts": {"path":"/Users/anhduc/Developer/point_of_interest_api/src/services/auth/LogoutService.ts","statementMap":{"0":{"start":{"line":4,"column":24},"end":{"line":4,"column":42}},"1":{"start":{"line":8,"column":23},"end":{"line":10,"column":null}},"2":{"start":{"line":12,"column":8},"end":{"line":17,"column":null}},"3":{"start":{"line":13,"column":12},"end":{"line":16,"column":null}},"4":{"start":{"line":19,"column":8},"end":{"line":19,"column":null}}},"fnMap":{"0":{"name":"(anonymous_0)","decl":{"start":{"line":4,"column":4},"end":{"line":4,"column":24}},"loc":{"start":{"line":4,"column":42},"end":{"line":5,"column":null}},"line":4},"1":{"name":"(anonymous_1)","decl":{"start":{"line":7,"column":10},"end":{"line":7,"column":17}},"loc":{"start":{"line":7,"column":39},"end":{"line":20,"column":null}},"line":7}},"branchMap":{"0":{"loc":{"start":{"line":12,"column":8},"end":{"line":17,"column":null}},"type":"if","locations":[{"start":{"line":12,"column":8},"end":{"line":17,"column":null}},{"start":{},"end":{}}],"line":12}},"s":{"0":5,"1":0,"2":0,"3":0,"4":0},"f":{"0":5,"1":0},"b":{"0":[0,0]},"meta":{"lastBranch":1,"lastFunction":2,"lastStatement":5,"seen":{"f:4:4:4:24":0,"s:4:24:4:42":0,"f:7:10:7:17":1,"s:8:23:10:Infinity":1,"b:12:8:17:Infinity:undefined:undefined:undefined:undefined":0,"s:12:8:17:Infinity":2,"s:13:12:16:Infinity":3,"s:19:8:19:Infinity":4}}}
,"/Users/anhduc/Developer/point_of_interest_api/src/services/auth/MeService.ts": {"path":"/Users/anhduc/Developer/point_of_interest_api/src/services/auth/MeService.ts","statementMap":{"0":{"start":{"line":8,"column":24},"end":{"line":8,"column":42}},"1":{"start":{"line":12,"column":21},"end":{"line":16,"column":null}},"2":{"start":{"line":18,"column":8},"end":{"line":18,"column":null}},"3":{"start":{"line":18,"column":19},"end":{"line":18,"column":null}},"4":{"start":{"line":20,"column":8},"end":{"line":20,"column":null}},"5":{"start":{"line":25,"column":32},"end":{"line":30,"column":null}},"6":{"start":{"line":32,"column":21},"end":{"line":32,"column":null}},"7":{"start":{"line":33,"column":14},"end":{"line":33,"column":null}},"8":{"start":{"line":34,"column":27},"end":{"line":34,"column":null}},"9":{"start":{"line":36,"column":8},"end":{"line":43,"column":null}},"10":{"start":{"line":37,"column":33},"end":{"line":39,"column":null}},"11":{"start":{"line":40,"column":12},"end":{"line":42,"column":null}},"12":{"start":{"line":41,"column":16},"end":{"line":41,"column":null}},"13":{"start":{"line":46,"column":8},"end":{"line":55,"column":null}},"14":{"start":{"line":57,"column":8},"end":{"line":59,"column":null}},"15":{"start":{"line":58,"column":12},"end":{"line":58,"column":null}},"16":{"start":{"line":62,"column":8},"end":{"line":65,"column":null}},"17":{"start":{"line":69,"column":14},"end":{"line":69,"column":null}},"18":{"start":{"line":71,"column":14},"end":{"line":74,"column":null}},"19":{"start":{"line":76,"column":28},"end":{"line":76,"column":null}},"20":{"start":{"line":77,"column":32},"end":{"line":77,"column":null}},"21":{"start":{"line":79,"column":8},"end":{"line":87,"column":null}},"22":{"start":{"line":89,"column":8},"end":{"line":89,"column":null}},"23":{"start":{"line":94,"column":23},"end":{"line":94,"column":null}},"24":{"start":{"line":96,"column":8},"end":{"line":100,"column":null}},"25":{"start":{"line":97,"column":12},"end":{"line":97,"column":null}},"26":{"start":{"line":99,"column":12},"end":{"line":99,"column":null}},"27":{"start":{"line":102,"column":14},"end":{"line":102,"column":null}},"28":{"start":{"line":104,"column":8},"end":{"line":109,"column":null}},"29":{"start":{"line":111,"column":8},"end":{"line":111,"column":null}},"30":{"start":{"line":116,"column":8},"end":{"line":131,"column":null}},"31":{"start":{"line":118,"column":12},"end":{"line":118,"column":null}},"32":{"start":{"line":121,"column":12},"end":{"line":121,"column":null}},"33":{"start":{"line":124,"column":12},"end":{"line":124,"column":null}},"34":{"start":{"line":127,"column":12},"end":{"line":127,"column":null}},"35":{"start":{"line":130,"column":12},"end":{"line":130,"column":null}},"36":{"start":{"line":133,"column":8},"end":{"line":133,"column":null}}},"fnMap":{"0":{"name":"(anonymous_0)","decl":{"start":{"line":8,"column":4},"end":{"line":8,"column":24}},"loc":{"start":{"line":8,"column":42},"end":{"line":9,"column":null}},"line":8},"1":{"name":"(anonymous_1)","decl":{"start":{"line":11,"column":10},"end":{"line":11,"column":16}},"loc":{"start":{"line":11,"column":28},"end":{"line":21,"column":null}},"line":11},"2":{"name":"(anonymous_2)","decl":{"start":{"line":23,"column":10},"end":{"line":23,"column":24}},"loc":{"start":{"line":23,"column":148},"end":{"line":66,"column":null}},"line":23},"3":{"name":"(anonymous_3)","decl":{"start":{"line":68,"column":10},"end":{"line":68,"column":29}},"loc":{"start":{"line":68,"column":63},"end":{"line":90,"column":null}},"line":68},"4":{"name":"(anonymous_4)","decl":{"start":{"line":92,"column":10},"end":{"line":92,"column":28}},"loc":{"start":{"line":92,"column":43},"end":{"line":112,"column":null}},"line":92},"5":{"name":"(anonymous_5)","decl":{"start":{"line":114,"column":10},"end":{"line":114,"column":24}},"loc":{"start":{"line":114,"column":40},"end":{"line":134,"column":null}},"line":114},"6":{"name":"(anonymous_6)","decl":{"start":{"line":116,"column":35},"end":{"line":116,"column":42}},"loc":{"start":{"line":116,"column":49},"end":{"line":131,"column":9}},"line":116}},"branchMap":{"0":{"loc":{"start":{"line":18,"column":8},"end":{"line":18,"column":null}},"type":"if","locations":[{"start":{"line":18,"column":8},"end":{"line":18,"column":null}},{"start":{},"end":{}}],"line":18},"1":{"loc":{"start":{"line":28,"column":27},"end":{"line":28,"column":null}},"type":"binary-expr","locations":[{"start":{"line":28,"column":27},"end":{"line":28,"column":48}},{"start":{"line":28,"column":48},"end":{"line":28,"column":null}}],"line":28},"2":{"loc":{"start":{"line":29,"column":27},"end":{"line":29,"column":null}},"type":"binary-expr","locations":[{"start":{"line":29,"column":27},"end":{"line":29,"column":48}},{"start":{"line":29,"column":48},"end":{"line":29,"column":null}}],"line":29},"3":{"loc":{"start":{"line":36,"column":8},"end":{"line":43,"column":null}},"type":"if","locations":[{"start":{"line":36,"column":8},"end":{"line":43,"column":null}},{"start":{},"end":{}}],"line":36},"4":{"loc":{"start":{"line":40,"column":12},"end":{"line":42,"column":null}},"type":"if","locations":[{"start":{"line":40,"column":12},"end":{"line":42,"column":null}},{"start":{},"end":{}}],"line":40},"5":{"loc":{"start":{"line":50,"column":35},"end":{"line":50,"column":null}},"type":"cond-expr","locations":[{"start":{"line":50,"column":48},"end":{"line":50,"column":55}},{"start":{"line":50,"column":55},"end":{"line":50,"column":null}}],"line":50},"6":{"loc":{"start":{"line":57,"column":8},"end":{"line":59,"column":null}},"type":"if","locations":[{"start":{"line":57,"column":8},"end":{"line":59,"column":null}},{"start":{},"end":{}}],"line":57},"7":{"loc":{"start":{"line":76,"column":28},"end":{"line":76,"column":null}},"type":"binary-expr","locations":[{"start":{"line":76,"column":28},"end":{"line":76,"column":56}},{"start":{"line":76,"column":56},"end":{"line":76,"column":null}}],"line":76}},"s":{"0":5,"1":3,"2":3,"3":0,"4":3,"5":1,"6":1,"7":1,"8":1,"9":1,"10":0,"11":0,"12":0,"13":1,"14":1,"15":0,"16":1,"17":0,"18":0,"19":0,"20":0,"21":0,"22":0,"23":0,"24":0,"25":0,"26":0,"27":0,"28":0,"29":0,"30":0,"31":0,"32":0,"33":0,"34":0,"35":0,"36":0},"f":{"0":5,"1":3,"2":1,"3":0,"4":0,"5":0,"6":0},"b":{"0":[0,3],"1":[1,0],"2":[1,1],"3":[0,1],"4":[0,0],"5":[0,1],"6":[0,1],"7":[0,0]},"meta":{"lastBranch":8,"lastFunction":7,"lastStatement":37,"seen":{"f:8:4:8:24":0,"s:8:24:8:42":0,"f:11:10:11:16":1,"s:12:21:16:Infinity":1,"b:18:8:18:Infinity:undefined:undefined:undefined:undefined":0,"s:18:8:18:Infinity":2,"s:18:19:18:Infinity":3,"s:20:8:20:Infinity":4,"f:23:10:23:24":2,"s:25:32:30:Infinity":5,"b:28:27:28:48:28:48:28:Infinity":1,"b:29:27:29:48:29:48:29:Infinity":2,"s:32:21:32:Infinity":6,"s:33:14:33:Infinity":7,"s:34:27:34:Infinity":8,"b:36:8:43:Infinity:undefined:undefined:undefined:undefined":3,"s:36:8:43:Infinity":9,"s:37:33:39:Infinity":10,"b:40:12:42:Infinity:undefined:undefined:undefined:undefined":4,"s:40:12:42:Infinity":11,"s:41:16:41:Infinity":12,"s:46:8:55:Infinity":13,"b:50:48:50:55:50:55:50:Infinity":5,"b:57:8:59:Infinity:undefined:undefined:undefined:undefined":6,"s:57:8:59:Infinity":14,"s:58:12:58:Infinity":15,"s:62:8:65:Infinity":16,"f:68:10:68:29":3,"s:69:14:69:Infinity":17,"s:71:14:74:Infinity":18,"s:76:28:76:Infinity":19,"b:76:28:76:56:76:56:76:Infinity":7,"s:77:32:77:Infinity":20,"s:79:8:87:Infinity":21,"s:89:8:89:Infinity":22,"f:92:10:92:28":4,"s:94:23:94:Infinity":23,"s:96:8:100:Infinity":24,"s:97:12:97:Infinity":25,"s:99:12:99:Infinity":26,"s:102:14:102:Infinity":27,"s:104:8:109:Infinity":28,"s:111:8:111:Infinity":29,"f:114:10:114:24":5,"s:116:8:131:Infinity":30,"f:116:35:116:42":6,"s:118:12:118:Infinity":31,"s:121:12:121:Infinity":32,"s:124:12:124:Infinity":33,"s:127:12:127:Infinity":34,"s:130:12:130:Infinity":35,"s:133:8:133:Infinity":36}}}
,"/Users/anhduc/Developer/point_of_interest_api/src/services/auth/RefreshTokenService.ts": {"path":"/Users/anhduc/Developer/point_of_interest_api/src/services/auth/RefreshTokenService.ts","statementMap":{"0":{"start":{"line":6,"column":24},"end":{"line":6,"column":42}},"1":{"start":{"line":10,"column":23},"end":{"line":12,"column":null}},"2":{"start":{"line":14,"column":8},"end":{"line":16,"column":null}},"3":{"start":{"line":15,"column":12},"end":{"line":15,"column":null}},"4":{"start":{"line":19,"column":8},"end":{"line":25,"column":null}},"5":{"start":{"line":20,"column":12},"end":{"line":20,"column":null}},"6":{"start":{"line":24,"column":12},"end":{"line":24,"column":null}},"7":{"start":{"line":27,"column":21},"end":{"line":29,"column":null}},"8":{"start":{"line":31,"column":8},"end":{"line":33,"column":null}},"9":{"start":{"line":32,"column":12},"end":{"line":32,"column":null}},"10":{"start":{"line":35,"column":14},"end":{"line":35,"column":null}},"11":{"start":{"line":37,"column":14},"end":{"line":37,"column":null}},"12":{"start":{"line":39,"column":24},"end":{"line":39,"column":null}},"13":{"start":{"line":41,"column":8},"end":{"line":44,"column":null}},"14":{"start":{"line":47,"column":8},"end":{"line":54,"column":null}},"15":{"start":{"line":56,"column":8},"end":{"line":59,"column":null}}},"fnMap":{"0":{"name":"(anonymous_0)","decl":{"start":{"line":6,"column":4},"end":{"line":6,"column":24}},"loc":{"start":{"line":6,"column":42},"end":{"line":7,"column":null}},"line":6},"1":{"name":"(anonymous_1)","decl":{"start":{"line":9,"column":10},"end":{"line":9,"column":18}},"loc":{"start":{"line":9,"column":40},"end":{"line":60,"column":null}},"line":9}},"branchMap":{"0":{"loc":{"start":{"line":14,"column":8},"end":{"line":16,"column":null}},"type":"if","locations":[{"start":{"line":14,"column":8},"end":{"line":16,"column":null}},{"start":{},"end":{}}],"line":14},"1":{"loc":{"start":{"line":14,"column":12},"end":{"line":14,"column":39}},"type":"binary-expr","locations":[{"start":{"line":14,"column":12},"end":{"line":14,"column":23}},{"start":{"line":14,"column":23},"end":{"line":14,"column":39}}],"line":14},"2":{"loc":{"start":{"line":31,"column":8},"end":{"line":33,"column":null}},"type":"if","locations":[{"start":{"line":31,"column":8},"end":{"line":33,"column":null}},{"start":{},"end":{}}],"line":31}},"s":{"0":5,"1":0,"2":0,"3":0,"4":0,"5":0,"6":0,"7":0,"8":0,"9":0,"10":0,"11":0,"12":0,"13":0,"14":0,"15":0},"f":{"0":5,"1":0},"b":{"0":[0,0],"1":[0,0],"2":[0,0]},"meta":{"lastBranch":3,"lastFunction":2,"lastStatement":16,"seen":{"f:6:4:6:24":0,"s:6:24:6:42":0,"f:9:10:9:18":1,"s:10:23:12:Infinity":1,"b:14:8:16:Infinity:undefined:undefined:undefined:undefined":0,"s:14:8:16:Infinity":2,"b:14:12:14:23:14:23:14:39":1,"s:15:12:15:Infinity":3,"s:19:8:25:Infinity":4,"s:20:12:20:Infinity":5,"s:24:12:24:Infinity":6,"s:27:21:29:Infinity":7,"b:31:8:33:Infinity:undefined:undefined:undefined:undefined":2,"s:31:8:33:Infinity":8,"s:32:12:32:Infinity":9,"s:35:14:35:Infinity":10,"s:37:14:37:Infinity":11,"s:39:24:39:Infinity":12,"s:41:8:44:Infinity":13,"s:47:8:54:Infinity":14,"s:56:8:59:Infinity":15}}}
,"/Users/anhduc/Developer/point_of_interest_api/src/services/auth/RegisterService.ts": {"path":"/Users/anhduc/Developer/point_of_interest_api/src/services/auth/RegisterService.ts","statementMap":{"0":{"start":{"line":8,"column":24},"end":{"line":8,"column":42}},"1":{"start":{"line":17,"column":8},"end":{"line":66,"column":null}},"2":{"start":{"line":18,"column":35},"end":{"line":18,"column":null}},"3":{"start":{"line":19,"column":28},"end":{"line":19,"column":null}},"4":{"start":{"line":21,"column":25},"end":{"line":35,"column":null}},"5":{"start":{"line":37,"column":12},"end":{"line":37,"column":null}},"6":{"start":{"line":40,"column":16},"end":{"line":43,"column":null}},"7":{"start":{"line":45,"column":32},"end":{"line":45,"column":null}},"8":{"start":{"line":46,"column":36},"end":{"line":46,"column":null}},"9":{"start":{"line":48,"column":12},"end":{"line":56,"column":null}},"10":{"start":{"line":59,"column":12},"end":{"line":59,"column":null}},"11":{"start":{"line":62,"column":12},"end":{"line":64,"column":null}},"12":{"start":{"line":63,"column":16},"end":{"line":63,"column":null}},"13":{"start":{"line":65,"column":12},"end":{"line":65,"column":null}}},"fnMap":{"0":{"name":"(anonymous_0)","decl":{"start":{"line":8,"column":4},"end":{"line":8,"column":24}},"loc":{"start":{"line":8,"column":42},"end":{"line":9,"column":null}},"line":8},"1":{"name":"(anonymous_1)","decl":{"start":{"line":11,"column":10},"end":{"line":11,"column":19}},"loc":{"start":{"line":16,"column":7},"end":{"line":67,"column":null}},"line":16}},"branchMap":{"0":{"loc":{"start":{"line":45,"column":32},"end":{"line":45,"column":null}},"type":"binary-expr","locations":[{"start":{"line":45,"column":32},"end":{"line":45,"column":60}},{"start":{"line":45,"column":60},"end":{"line":45,"column":null}}],"line":45},"1":{"loc":{"start":{"line":62,"column":12},"end":{"line":64,"column":null}},"type":"if","locations":[{"start":{"line":62,"column":12},"end":{"line":64,"column":null}},{"start":{},"end":{}}],"line":62},"2":{"loc":{"start":{"line":62,"column":16},"end":{"line":62,"column":81}},"type":"binary-expr","locations":[{"start":{"line":62,"column":16},"end":{"line":62,"column":42}},{"start":{"line":62,"column":42},"end":{"line":62,"column":81}}],"line":62}},"s":{"0":5,"1":2,"2":2,"3":2,"4":2,"5":1,"6":1,"7":1,"8":2,"9":2,"10":1,"11":1,"12":1,"13":0},"f":{"0":5,"1":2},"b":{"0":[1,1],"1":[1,0],"2":[1,1]},"meta":{"lastBranch":3,"lastFunction":2,"lastStatement":14,"seen":{"f:8:4:8:24":0,"s:8:24:8:42":0,"f:11:10:11:19":1,"s:17:8:66:Infinity":1,"s:18:35:18:Infinity":2,"s:19:28:19:Infinity":3,"s:21:25:35:Infinity":4,"s:37:12:37:Infinity":5,"s:40:16:43:Infinity":6,"s:45:32:45:Infinity":7,"b:45:32:45:60:45:60:45:Infinity":0,"s:46:36:46:Infinity":8,"s:48:12:56:Infinity":9,"s:59:12:59:Infinity":10,"b:62:12:64:Infinity:undefined:undefined:undefined:undefined":1,"s:62:12:64:Infinity":11,"b:62:16:62:42:62:42:62:81":2,"s:63:16:63:Infinity":12,"s:65:12:65:Infinity":13}}}
,"/Users/anhduc/Developer/point_of_interest_api/src/services/auth/ResetPasswordService.ts": {"path":"/Users/anhduc/Developer/point_of_interest_api/src/services/auth/ResetPasswordService.ts","statementMap":{"0":{"start":{"line":6,"column":24},"end":{"line":6,"column":42}},"1":{"start":{"line":13,"column":8},"end":{"line":20,"column":null}},"2":{"start":{"line":14,"column":12},"end":{"line":17,"column":null}},"3":{"start":{"line":19,"column":12},"end":{"line":19,"column":null}},"4":{"start":{"line":23,"column":28},"end":{"line":25,"column":null}},"5":{"start":{"line":27,"column":8},"end":{"line":29,"column":null}},"6":{"start":{"line":28,"column":12},"end":{"line":28,"column":null}},"7":{"start":{"line":32,"column":31},"end":{"line":32,"column":null}},"8":{"start":{"line":36,"column":8},"end":{"line":49,"column":null}},"9":{"start":{"line":51,"column":8},"end":{"line":51,"column":null}}},"fnMap":{"0":{"name":"(anonymous_0)","decl":{"start":{"line":6,"column":4},"end":{"line":6,"column":24}},"loc":{"start":{"line":6,"column":42},"end":{"line":7,"column":null}},"line":6},"1":{"name":"(anonymous_1)","decl":{"start":{"line":9,"column":10},"end":{"line":9,"column":24}},"loc":{"start":{"line":9,"column":67},"end":{"line":52,"column":null}},"line":9}},"branchMap":{"0":{"loc":{"start":{"line":27,"column":8},"end":{"line":29,"column":null}},"type":"if","locations":[{"start":{"line":27,"column":8},"end":{"line":29,"column":null}},{"start":{},"end":{}}],"line":27}},"s":{"0":5,"1":0,"2":0,"3":0,"4":0,"5":0,"6":0,"7":0,"8":0,"9":0},"f":{"0":5,"1":0},"b":{"0":[0,0]},"meta":{"lastBranch":1,"lastFunction":2,"lastStatement":10,"seen":{"f:6:4:6:24":0,"s:6:24:6:42":0,"f:9:10:9:24":1,"s:13:8:20:Infinity":1,"s:14:12:17:Infinity":2,"s:19:12:19:Infinity":3,"s:23:28:25:Infinity":4,"b:27:8:29:Infinity:undefined:undefined:undefined:undefined":0,"s:27:8:29:Infinity":5,"s:28:12:28:Infinity":6,"s:32:31:32:Infinity":7,"s:36:8:49:Infinity":8,"s:51:8:51:Infinity":9}}}
,"/Users/anhduc/Developer/point_of_interest_api/src/utils/string.ts": {"path":"/Users/anhduc/Developer/point_of_interest_api/src/utils/string.ts","statementMap":{"0":{"start":{"line":2,"column":4},"end":{"line":4,"column":null}},"1":{"start":{"line":4,"column":36},"end":{"line":4,"column":54}},"2":{"start":{"line":8,"column":4},"end":{"line":8,"column":null}},"3":{"start":{"line":12,"column":4},"end":{"line":12,"column":null}}},"fnMap":{"0":{"name":"toTitleCase","decl":{"start":{"line":1,"column":16},"end":{"line":1,"column":28}},"loc":{"start":{"line":1,"column":41},"end":{"line":5,"column":null}},"line":1},"1":{"name":"(anonymous_1)","decl":{"start":{"line":4,"column":26},"end":{"line":4,"column":27}},"loc":{"start":{"line":4,"column":36},"end":{"line":4,"column":54}},"line":4},"2":{"name":"normalizeEmail","decl":{"start":{"line":7,"column":16},"end":{"line":7,"column":31}},"loc":{"start":{"line":7,"column":46},"end":{"line":9,"column":null}},"line":7},"3":{"name":"capitalize","decl":{"start":{"line":11,"column":16},"end":{"line":11,"column":27}},"loc":{"start":{"line":11,"column":40},"end":{"line":13,"column":null}},"line":11}},"branchMap":{},"s":{"0":4,"1":4,"2":3,"3":0},"f":{"0":4,"1":4,"2":3,"3":0},"b":{},"meta":{"lastBranch":0,"lastFunction":4,"lastStatement":4,"seen":{"f:1:16:1:28":0,"s:2:4:4:Infinity":0,"f:4:26:4:27":1,"s:4:36:4:54":1,"f:7:16:7:31":2,"s:8:4:8:Infinity":2,"f:11:16:11:27":3,"s:12:4:12:Infinity":3}}}
}
